Using pre-set license
Built from '2022.3/staging' branch; Version is '2022.3.25f1 (530ae0ba3889) revision 5442272'; Using compiler version '192829333'; Build Type 'Release'
OS: 'Windows 11  (10.0.22621) 64bit Professional' Language: 'tr' Physical Memory: 16307 MB
BatchMode: 1, IsHumanControllingUs: 0, StartBugReporterOnCrash: 0, Is64bit: 1, IsPro: 1

COMMAND LINE ARGUMENTS:
D:\2022.3.25f1\Editor\Unity.exe
-adb2
-batchMode
-noUpm
-name
AssetImportWorker4
-projectPath
D:/reviveridev0.1/Revive-Ride/ReviveRide
-logFile
Logs/AssetImportWorker4.log
-srvPort
53835
Successfully changed project path to: D:/reviveridev0.1/Revive-Ride/ReviveRide
D:/reviveridev0.1/Revive-Ride/ReviveRide
[UnityMemory] Configuration Parameters - Can be set up in boot.config
    "memorysetup-bucket-allocator-granularity=16"
    "memorysetup-bucket-allocator-bucket-count=8"
    "memorysetup-bucket-allocator-block-size=33554432"
    "memorysetup-bucket-allocator-block-count=8"
    "memorysetup-main-allocator-block-size=16777216"
    "memorysetup-thread-allocator-block-size=16777216"
    "memorysetup-gfx-main-allocator-block-size=16777216"
    "memorysetup-gfx-thread-allocator-block-size=16777216"
    "memorysetup-cache-allocator-block-size=4194304"
    "memorysetup-typetree-allocator-block-size=2097152"
    "memorysetup-profiler-bucket-allocator-granularity=16"
    "memorysetup-profiler-bucket-allocator-bucket-count=8"
    "memorysetup-profiler-bucket-allocator-block-size=33554432"
    "memorysetup-profiler-bucket-allocator-block-count=8"
    "memorysetup-profiler-allocator-block-size=16777216"
    "memorysetup-profiler-editor-allocator-block-size=1048576"
    "memorysetup-temp-allocator-size-main=16777216"
    "memorysetup-job-temp-allocator-block-size=2097152"
    "memorysetup-job-temp-allocator-block-size-background=1048576"
    "memorysetup-job-temp-allocator-reduction-small-platforms=262144"
    "memorysetup-allocator-temp-initial-block-size-main=262144"
    "memorysetup-allocator-temp-initial-block-size-worker=262144"
    "memorysetup-temp-allocator-size-background-worker=32768"
    "memorysetup-temp-allocator-size-job-worker=262144"
    "memorysetup-temp-allocator-size-preload-manager=33554432"
    "memorysetup-temp-allocator-size-nav-mesh-worker=65536"
    "memorysetup-temp-allocator-size-audio-worker=65536"
    "memorysetup-temp-allocator-size-cloud-worker=32768"
    "memorysetup-temp-allocator-size-gi-baking-worker=262144"
    "memorysetup-temp-allocator-size-gfx=262144"
Player connection [16600] Host "[IP] 192.168.1.33 [Port] 0 [Flags] 2 [Guid] 3778199081 [EditorId] 3778199081 [Version] 1048832 [Id] WindowsEditor(7,VortexBey) [Debug] 1 [PackageName] WindowsEditor [ProjectName] Editor" joined multi-casting on [225.0.0.222:54997]...

Player connection [16600] Host "[IP] 192.168.1.33 [Port] 0 [Flags] 2 [Guid] 3778199081 [EditorId] 3778199081 [Version] 1048832 [Id] WindowsEditor(7,VortexBey) [Debug] 1 [PackageName] WindowsEditor [ProjectName] Editor" joined alternative multi-casting on [225.0.0.222:34997]...

[Physics::Module] Initialized MultithreadedJobDispatcher with 11 workers.
Refreshing native plugins compatible for Editor in 11.38 ms, found 3 plugins.
Preloading 0 native plugins for Editor in 0.00 ms.
Initialize engine version: 2022.3.25f1 (530ae0ba3889)
[Subsystems] Discovering subsystems at path D:/2022.3.25f1/Editor/Data/Resources/UnitySubsystems
[Subsystems] Discovering subsystems at path D:/reviveridev0.1/Revive-Ride/ReviveRide/Assets
GfxDevice: creating device client; threaded=0; jobified=0
Direct3D:
    Version:  Direct3D 11.0 [level 11.1]
    Renderer: NVIDIA GeForce RTX 3060 (ID=0x2487)
    Vendor:   NVIDIA
    VRAM:     12110 MB
    Driver:   31.0.15.5222
Initialize mono
Mono path[0] = 'D:/2022.3.25f1/Editor/Data/Managed'
Mono path[1] = 'D:/2022.3.25f1/Editor/Data/MonoBleedingEdge/lib/mono/unityjit-win32'
Mono config path = 'D:/2022.3.25f1/Editor/Data/MonoBleedingEdge/etc'
Using monoOptions --debugger-agent=transport=dt_socket,embedding=1,server=y,suspend=n,address=127.0.0.1:56696
Begin MonoManager ReloadAssembly
Registering precompiled unity dll's ...
Register platform support module: D:/2022.3.25f1/Editor/Data/PlaybackEngines/WebGLSupport/UnityEditor.WebGL.Extensions.dll
Register platform support module: D:/2022.3.25f1/Editor/Data/PlaybackEngines/WindowsStandaloneSupport/UnityEditor.WindowsStandalone.Extensions.dll
Registered in 0.006226 seconds.
- Loaded All Assemblies, in  0.594 seconds
Native extension for WindowsStandalone target not found
Native extension for WebGL target not found
Mono: successfully reloaded assembly
- Finished resetting the current domain, in  0.488 seconds
Domain Reload Profiling: 1082ms
	BeginReloadAssembly (207ms)
		ExecutionOrderSort (0ms)
		DisableScriptedObjects (0ms)
		BackupInstance (0ms)
		ReleaseScriptingObjects (0ms)
		CreateAndSetChildDomain (1ms)
	RebuildCommonClasses (57ms)
	RebuildNativeTypeToScriptingClass (18ms)
	initialDomainReloadingComplete (81ms)
	LoadAllAssembliesAndSetupDomain (231ms)
		LoadAssemblies (207ms)
		RebuildTransferFunctionScriptingTraits (0ms)
		AnalyzeDomain (227ms)
			TypeCache.Refresh (225ms)
				TypeCache.ScanAssembly (205ms)
			ScanForSourceGeneratedMonoScriptInfo (0ms)
			ResolveRequiredComponents (1ms)
	FinalizeReload (488ms)
		ReleaseScriptCaches (0ms)
		RebuildScriptCaches (0ms)
		SetupLoadedEditorAssemblies (388ms)
			LogAssemblyErrors (0ms)
			InitializePlatformSupportModulesInManaged (13ms)
			SetLoadedEditorAssemblies (8ms)
			RefreshPlugins (0ms)
			BeforeProcessingInitializeOnLoad (4ms)
			ProcessInitializeOnLoadAttributes (279ms)
			ProcessInitializeOnLoadMethodAttributes (85ms)
			AfterProcessingInitializeOnLoad (0ms)
			EditorAssembliesLoaded (0ms)
		ExecutionOrderSort2 (0ms)
		AwakeInstancesAfterBackupRestoration (0ms)
========================================================================
Worker process is ready to serve import requests
Begin MonoManager ReloadAssembly
- Loaded All Assemblies, in  1.013 seconds
Refreshing native plugins compatible for Editor in 4.92 ms, found 3 plugins.
Native extension for WindowsStandalone target not found
Native extension for WebGL target not found
Package Manager log level set to [2]
[Package Manager] Server::EnsureServerProcessIsRunning -- launch failed, reason: Unity was launched with the -noUpm command-line argument
[Package Manager] UpmClient::Send -- Unable to send message (not connected to UPM process).
[Package Manager] Cannot connect to Unity Package Manager local server
Mono: successfully reloaded assembly
- Finished resetting the current domain, in  1.191 seconds
Domain Reload Profiling: 2204ms
	BeginReloadAssembly (265ms)
		ExecutionOrderSort (0ms)
		DisableScriptedObjects (11ms)
		BackupInstance (0ms)
		ReleaseScriptingObjects (0ms)
		CreateAndSetChildDomain (34ms)
	RebuildCommonClasses (65ms)
	RebuildNativeTypeToScriptingClass (25ms)
	initialDomainReloadingComplete (60ms)
	LoadAllAssembliesAndSetupDomain (597ms)
		LoadAssemblies (470ms)
		RebuildTransferFunctionScriptingTraits (0ms)
		AnalyzeDomain (293ms)
			TypeCache.Refresh (260ms)
				TypeCache.ScanAssembly (240ms)
			ScanForSourceGeneratedMonoScriptInfo (24ms)
			ResolveRequiredComponents (7ms)
	FinalizeReload (1192ms)
		ReleaseScriptCaches (0ms)
		RebuildScriptCaches (0ms)
		SetupLoadedEditorAssemblies (951ms)
			LogAssemblyErrors (0ms)
			InitializePlatformSupportModulesInManaged (8ms)
			SetLoadedEditorAssemblies (6ms)
			RefreshPlugins (0ms)
			BeforeProcessingInitializeOnLoad (82ms)
			ProcessInitializeOnLoadAttributes (816ms)
			ProcessInitializeOnLoadMethodAttributes (35ms)
			AfterProcessingInitializeOnLoad (4ms)
			EditorAssembliesLoaded (0ms)
		ExecutionOrderSort2 (0ms)
		AwakeInstancesAfterBackupRestoration (10ms)
Launched and connected shader compiler UnityShaderCompiler.exe after 0.08 seconds
Refreshing native plugins compatible for Editor in 7.20 ms, found 3 plugins.
Preloading 0 native plugins for Editor in 0.00 ms.
Unloading 3093 Unused Serialized files (Serialized files now loaded: 0)
Unloading 32 unused Assets / (58.1 KB). Loaded Objects now: 3578.
Memory consumption went from 136.9 MB to 136.8 MB.
Total: 4.876400 ms (FindLiveObjects: 0.403900 ms CreateObjectMapping: 0.140000 ms MarkObjects: 4.138600 ms  DeleteObjects: 0.192400 ms)

AssetImportParameters requested are different than current active one (requested -> active):
  custom:container-demuxer-ogg: 62fdf1f143b41e24485cea50d1cbac27 -> 
  custom:video-decoder-ogg-theora: a1e56fd34408186e4bbccfd4996cb3dc -> 
  custom:framework-win-MediaFoundation: 216162199b28c13a410421893ffa2e32 -> 
  custom:CustomObjectIndexerAttribute: 9a22284fe3817be447336de3de66b15e -> 
  custom:container-demuxer-webm: 4f35f7cbe854078d1ac9338744f61a02 -> 
  custom:container-muxer-webm: aa71ff27fc2769a1b78a27578f13a17b -> 
  custom:video-decoder-webm-vp8: 9c59270c3fd7afecdb556c50c9e8de78 -> 
  custom:SearchIndexIgnoredProperties: e643bd26f0fe6173181afceb89e7c659 -> 
  custom:AudioImporter_EditorPlatform: d09bf68614088b80899f8185d706f6e7 -> 
  custom:video-encoder-webm-vp8: eb34c28f22e8b96e1ab97ce403110664 -> 
  custom:audio-decoder-ogg-vorbis: bf7c407c2cedff20999df2af8eb42d56 -> 
  custom:audio-encoder-webm-vorbis: bf7c407c2cedff20999df2af8eb42d56 -> 
========================================================================
Received Import Request.
  Time since last request: 185891.647425 seconds.
  path: Assets/Scenes/Materyaller/albedo.mat
  artifactKey: Guid(1a862fcc860cf684fa8502c748b5242b) Importer(815301076,1909f56bfc062723c751e8b465ee728b)
Start importing Assets/Scenes/Materyaller/albedo.mat using Guid(1a862fcc860cf684fa8502c748b5242b) Importer(815301076,1909f56bfc062723c751e8b465ee728b)  -> (artifact id: 'e381a3deb90427588c46e6eb3d582765') in 0.178494 seconds
Number of updated asset objects reloaded before import = 0
Number of asset objects unloaded after import = 1
========================================================================
Received Import Request.
  Time since last request: 6.965205 seconds.
  path: Assets/Scenes/Materyaller/Toprak.mat
  artifactKey: Guid(1a862fcc860cf684fa8502c748b5242b) Importer(815301076,1909f56bfc062723c751e8b465ee728b)
Start importing Assets/Scenes/Materyaller/Toprak.mat using Guid(1a862fcc860cf684fa8502c748b5242b) Importer(815301076,1909f56bfc062723c751e8b465ee728b)  -> (artifact id: '8a5dc8b37d117bf1cffeb7a5956aa78b') in 0.017193 seconds
Number of updated asset objects reloaded before import = 0
Number of asset objects unloaded after import = 1
========================================================================
Received Import Request.
  Time since last request: 75.085095 seconds.
  path: Assets/Scenes/Materyaller/New Terrain Material.mat
  artifactKey: Guid(61ca73a27880fa442862ca0bd67244f8) Importer(815301076,1909f56bfc062723c751e8b465ee728b)
Start importing Assets/Scenes/Materyaller/New Terrain Material.mat using Guid(61ca73a27880fa442862ca0bd67244f8) Importer(815301076,1909f56bfc062723c751e8b465ee728b)  -> (artifact id: '59b07b3717ace1a90c67f305c2b79146') in 0.018288 seconds
Number of updated asset objects reloaded before import = 0
Number of asset objects unloaded after import = 1
========================================================================
Received Import Request.
  Time since last request: 109.545601 seconds.
  path: Assets/Scenes/Materyaller/Ground textures pack/Dry ground
  artifactKey: Guid(ee2eaec817daa3641bd1d7e806dd9abe) Importer(815301076,1909f56bfc062723c751e8b465ee728b)
Start importing Assets/Scenes/Materyaller/Ground textures pack/Dry ground using Guid(ee2eaec817daa3641bd1d7e806dd9abe) Importer(815301076,1909f56bfc062723c751e8b465ee728b)  -> (artifact id: 'fe218b73b9c3679bf988748c394763bd') in 0.000564 seconds
Number of updated asset objects reloaded before import = 0
Number of asset objects unloaded after import = 0
========================================================================
Received Import Request.
  Time since last request: 0.349004 seconds.
  path: Assets/Scenes/Materyaller/Ground textures pack/Dry ground/diffuse.tga
  artifactKey: Guid(f5d1de47f0f760544a5596ceb8cc895f) Importer(815301076,1909f56bfc062723c751e8b465ee728b)
Start importing Assets/Scenes/Materyaller/Ground textures pack/Dry ground/diffuse.tga using Guid(f5d1de47f0f760544a5596ceb8cc895f) Importer(815301076,1909f56bfc062723c751e8b465ee728b)  -> (artifact id: '5313856dd40801d2447da9a6ca89d72c') in 0.107473 seconds
Number of updated asset objects reloaded before import = 0
Number of asset objects unloaded after import = 2
========================================================================
Received Import Request.
  Time since last request: 0.000031 seconds.
  path: Assets/Scenes/Materyaller/Ground textures pack/Dry ground/preview.jpg
  artifactKey: Guid(4602e8f26b3f5b24d8e4fd1af5e63cfb) Importer(815301076,1909f56bfc062723c751e8b465ee728b)
Start importing Assets/Scenes/Materyaller/Ground textures pack/Dry ground/preview.jpg using Guid(4602e8f26b3f5b24d8e4fd1af5e63cfb) Importer(815301076,1909f56bfc062723c751e8b465ee728b)  -> (artifact id: '0d8600375e86a61ce21acbacd84cd69a') in 0.092484 seconds
Number of updated asset objects reloaded before import = 0
Number of asset objects unloaded after import = 2
========================================================================
Received Import Request.
  Time since last request: 0.000040 seconds.
  path: Assets/Scenes/Materyaller/Ground textures pack/Dry ground/normal.tga
  artifactKey: Guid(af579c7a89d15d24eb8c925a43a236cf) Importer(815301076,1909f56bfc062723c751e8b465ee728b)
Start importing Assets/Scenes/Materyaller/Ground textures pack/Dry ground/normal.tga using Guid(af579c7a89d15d24eb8c925a43a236cf) Importer(815301076,1909f56bfc062723c751e8b465ee728b)  -> (artifact id: 'fa6d4bd6a46ac4e56d3bcef99cfb25d4') in 0.030966 seconds
Number of updated asset objects reloaded before import = 0
Number of asset objects unloaded after import = 2
========================================================================
Received Import Request.
  Time since last request: 1.024658 seconds.
  path: Assets/Scenes/Materyaller/Ground textures pack/Grass & dead leafs 01/diffuse.tga
  artifactKey: Guid(46c9b2c471a59f24cbe88eae93a32f60) Importer(815301076,1909f56bfc062723c751e8b465ee728b)
Start importing Assets/Scenes/Materyaller/Ground textures pack/Grass & dead leafs 01/diffuse.tga using Guid(46c9b2c471a59f24cbe88eae93a32f60) Importer(815301076,1909f56bfc062723c751e8b465ee728b)  -> (artifact id: '315229f20848944363287e59bc18a0ed') in 0.021805 seconds
Number of updated asset objects reloaded before import = 0
Number of asset objects unloaded after import = 2
========================================================================
Received Import Request.
  Time since last request: 0.000028 seconds.
  path: Assets/Scenes/Materyaller/Ground textures pack/Grass & dead leafs 01/normal.tga
  artifactKey: Guid(ae0e7acc3616ba441a70994eb662f6e3) Importer(815301076,1909f56bfc062723c751e8b465ee728b)
Start importing Assets/Scenes/Materyaller/Ground textures pack/Grass & dead leafs 01/normal.tga using Guid(ae0e7acc3616ba441a70994eb662f6e3) Importer(815301076,1909f56bfc062723c751e8b465ee728b)  -> (artifact id: '66dc2e3eb50b041246aa884945f565aa') in 0.020580 seconds
Number of updated asset objects reloaded before import = 0
Number of asset objects unloaded after import = 2
========================================================================
Received Import Request.
  Time since last request: 0.000022 seconds.
  path: Assets/Scenes/Materyaller/Ground textures pack/Grass & dead leafs 01/preview.jpg
  artifactKey: Guid(9f425c22a471a47459e192cb7dafd4c5) Importer(815301076,1909f56bfc062723c751e8b465ee728b)
Start importing Assets/Scenes/Materyaller/Ground textures pack/Grass & dead leafs 01/preview.jpg using Guid(9f425c22a471a47459e192cb7dafd4c5) Importer(815301076,1909f56bfc062723c751e8b465ee728b)  -> (artifact id: '27ed35cb20343e7a34f6538f7cd65bba') in 0.017636 seconds
Number of updated asset objects reloaded before import = 0
Number of asset objects unloaded after import = 2
========================================================================
Received Import Request.
  Time since last request: 0.738132 seconds.
  path: Assets/Scenes/Materyaller/Ground textures pack/Grass & dead leafs 02/diffuse.tga
  artifactKey: Guid(f77d739839b967e44898c8a89688369a) Importer(815301076,1909f56bfc062723c751e8b465ee728b)
Start importing Assets/Scenes/Materyaller/Ground textures pack/Grass & dead leafs 02/diffuse.tga using Guid(f77d739839b967e44898c8a89688369a) Importer(815301076,1909f56bfc062723c751e8b465ee728b)  -> (artifact id: 'a8e34ed538258dd6913bcadfe9d30b0f') in 0.022006 seconds
Number of updated asset objects reloaded before import = 0
Number of asset objects unloaded after import = 2
========================================================================
Received Import Request.
  Time since last request: 0.000022 seconds.
  path: Assets/Scenes/Materyaller/Ground textures pack/Grass & dead leafs 02/normal.tga
  artifactKey: Guid(0c64d261e58031345b9844438ceb0af9) Importer(815301076,1909f56bfc062723c751e8b465ee728b)
Start importing Assets/Scenes/Materyaller/Ground textures pack/Grass & dead leafs 02/normal.tga using Guid(0c64d261e58031345b9844438ceb0af9) Importer(815301076,1909f56bfc062723c751e8b465ee728b)  -> (artifact id: '7a881081e9747bb7790d9e8fe274032d') in 0.023806 seconds
Number of updated asset objects reloaded before import = 0
Number of asset objects unloaded after import = 2
========================================================================
Received Import Request.
  Time since last request: 93.958080 seconds.
  path: Assets/Scenes/Materyaller/Ground textures pack/Grass & rocks/diffuse.tga
  artifactKey: Guid(12ff3c37d59e28240a8f4643c3ead3d3) Importer(815301076,1909f56bfc062723c751e8b465ee728b)
Start importing Assets/Scenes/Materyaller/Ground textures pack/Grass & rocks/diffuse.tga using Guid(12ff3c37d59e28240a8f4643c3ead3d3) Importer(815301076,1909f56bfc062723c751e8b465ee728b)  -> (artifact id: '6611670ad3f7fe7e60ee86b450549410') in 0.019718 seconds
Number of updated asset objects reloaded before import = 0
Number of asset objects unloaded after import = 2
========================================================================
Received Import Request.
  Time since last request: 0.000029 seconds.
  path: Assets/Scenes/Materyaller/Ground textures pack/Grass & rocks/normal.tga
  artifactKey: Guid(e5895469fa6440e4a876bf0672599e59) Importer(815301076,1909f56bfc062723c751e8b465ee728b)
Start importing Assets/Scenes/Materyaller/Ground textures pack/Grass & rocks/normal.tga using Guid(e5895469fa6440e4a876bf0672599e59) Importer(815301076,1909f56bfc062723c751e8b465ee728b)  -> (artifact id: '16c6e9db817c893161f1c36a602329b7') in 0.022337 seconds
Number of updated asset objects reloaded before import = 0
Number of asset objects unloaded after import = 2
========================================================================
Received Import Request.
  Time since last request: 3.762093 seconds.
  path: Assets/Scenes/Materyaller/Ground textures pack/Grass 01/diffuse.tga
  artifactKey: Guid(a51044dfe95257548b466bc35528b878) Importer(815301076,1909f56bfc062723c751e8b465ee728b)
Start importing Assets/Scenes/Materyaller/Ground textures pack/Grass 01/diffuse.tga using Guid(a51044dfe95257548b466bc35528b878) Importer(815301076,1909f56bfc062723c751e8b465ee728b)  -> (artifact id: '17a9b3bb79c1ac3824ebd98a81254907') in 0.018698 seconds
Number of updated asset objects reloaded before import = 0
Number of asset objects unloaded after import = 2
========================================================================
Received Import Request.
  Time since last request: 0.000029 seconds.
  path: Assets/Scenes/Materyaller/Ground textures pack/Grass 01/normal.tga
  artifactKey: Guid(0c3232df383d7984ab0e87bf7c42aadb) Importer(815301076,1909f56bfc062723c751e8b465ee728b)
Start importing Assets/Scenes/Materyaller/Ground textures pack/Grass 01/normal.tga using Guid(0c3232df383d7984ab0e87bf7c42aadb) Importer(815301076,1909f56bfc062723c751e8b465ee728b)  -> (artifact id: '1a4d32010264806e9b8c131c11a0c932') in 0.027445 seconds
Number of updated asset objects reloaded before import = 0
Number of asset objects unloaded after import = 2
========================================================================
Received Import Request.
  Time since last request: 3.109745 seconds.
  path: Assets/Scenes/Materyaller/Ground textures pack/Grass 02/diffuse.tga
  artifactKey: Guid(d902345b12dd31e4a83f0c375a540341) Importer(815301076,1909f56bfc062723c751e8b465ee728b)
Start importing Assets/Scenes/Materyaller/Ground textures pack/Grass 02/diffuse.tga using Guid(d902345b12dd31e4a83f0c375a540341) Importer(815301076,1909f56bfc062723c751e8b465ee728b)  -> (artifact id: 'e1b802f449cf95423d649508347decc3') in 0.020552 seconds
Number of updated asset objects reloaded before import = 0
Number of asset objects unloaded after import = 2
========================================================================
Received Import Request.
  Time since last request: 0.000024 seconds.
  path: Assets/Scenes/Materyaller/Ground textures pack/Grass 02/normal.tga
  artifactKey: Guid(3449a2e698a0deb44a70dec747a3f8e9) Importer(815301076,1909f56bfc062723c751e8b465ee728b)
Start importing Assets/Scenes/Materyaller/Ground textures pack/Grass 02/normal.tga using Guid(3449a2e698a0deb44a70dec747a3f8e9) Importer(815301076,1909f56bfc062723c751e8b465ee728b)  -> (artifact id: 'a99a129f1d439a9ad099195d2d3a3e8f') in 0.019822 seconds
Number of updated asset objects reloaded before import = 0
Number of asset objects unloaded after import = 2
========================================================================
Received Import Request.
  Time since last request: 3.532455 seconds.
  path: Assets/Scenes/Materyaller/Ground textures pack/Grass 03/diffuse.tga
  artifactKey: Guid(e9866699a4ddce642b7da4aeaa74d279) Importer(815301076,1909f56bfc062723c751e8b465ee728b)
Start importing Assets/Scenes/Materyaller/Ground textures pack/Grass 03/diffuse.tga using Guid(e9866699a4ddce642b7da4aeaa74d279) Importer(815301076,1909f56bfc062723c751e8b465ee728b)  -> (artifact id: '2930a774f2e41b611f7f98f74b903c50') in 0.018516 seconds
Number of updated asset objects reloaded before import = 0
Number of asset objects unloaded after import = 2
========================================================================
Received Import Request.
  Time since last request: 0.000033 seconds.
  path: Assets/Scenes/Materyaller/Ground textures pack/Grass 03/preview.jpg
  artifactKey: Guid(9074a9b5ce95d5b4eb1a31e80b0a0a41) Importer(815301076,1909f56bfc062723c751e8b465ee728b)
Start importing Assets/Scenes/Materyaller/Ground textures pack/Grass 03/preview.jpg using Guid(9074a9b5ce95d5b4eb1a31e80b0a0a41) Importer(815301076,1909f56bfc062723c751e8b465ee728b)  -> (artifact id: 'd222412c0b855066f5261ef223c4f41e') in 0.019564 seconds
Number of updated asset objects reloaded before import = 0
Number of asset objects unloaded after import = 2
========================================================================
Received Import Request.
  Time since last request: 0.415911 seconds.
  path: Assets/Scenes/Materyaller/Ground textures pack/Grass 04/diffuse.tga
  artifactKey: Guid(e939889a01ba73f4c9f41bb8d6d79d5f) Importer(815301076,1909f56bfc062723c751e8b465ee728b)
Start importing Assets/Scenes/Materyaller/Ground textures pack/Grass 04/diffuse.tga using Guid(e939889a01ba73f4c9f41bb8d6d79d5f) Importer(815301076,1909f56bfc062723c751e8b465ee728b)  -> (artifact id: 'e56b11759ff0982b0ac0cd74829edcc9') in 0.019894 seconds
Number of updated asset objects reloaded before import = 0
Number of asset objects unloaded after import = 2
========================================================================
Received Import Request.
  Time since last request: 0.000026 seconds.
  path: Assets/Scenes/Materyaller/Ground textures pack/Grass 04/normal.tga
  artifactKey: Guid(764d3e4236eef804e831508161d4411f) Importer(815301076,1909f56bfc062723c751e8b465ee728b)
Start importing Assets/Scenes/Materyaller/Ground textures pack/Grass 04/normal.tga using Guid(764d3e4236eef804e831508161d4411f) Importer(815301076,1909f56bfc062723c751e8b465ee728b)  -> (artifact id: 'cb117b0b865615f15d75dbdcb6cc6c37') in 0.078456 seconds
Number of updated asset objects reloaded before import = 0
Number of asset objects unloaded after import = 2
========================================================================
Received Import Request.
  Time since last request: 3.328201 seconds.
  path: Assets/Scenes/Materyaller/Ground textures pack/Grass 05/diffuse.tga
  artifactKey: Guid(f0a8168310b10da4faedc474bb26c20f) Importer(815301076,1909f56bfc062723c751e8b465ee728b)
Start importing Assets/Scenes/Materyaller/Ground textures pack/Grass 05/diffuse.tga using Guid(f0a8168310b10da4faedc474bb26c20f) Importer(815301076,1909f56bfc062723c751e8b465ee728b)  -> (artifact id: 'cb02daadfe7df1e298103217ee22b8ce') in 0.022816 seconds
Number of updated asset objects reloaded before import = 0
Number of asset objects unloaded after import = 2
========================================================================
Received Import Request.
  Time since last request: 0.000055 seconds.
  path: Assets/Scenes/Materyaller/Ground textures pack/Grass 05/normal.tga
  artifactKey: Guid(f0ec40764219f3f4787df1c70bacf45b) Importer(815301076,1909f56bfc062723c751e8b465ee728b)
Start importing Assets/Scenes/Materyaller/Ground textures pack/Grass 05/normal.tga using Guid(f0ec40764219f3f4787df1c70bacf45b) Importer(815301076,1909f56bfc062723c751e8b465ee728b)  -> (artifact id: '65aafc09539c2dbfac9afb954507a642') in 0.023946 seconds
Number of updated asset objects reloaded before import = 0
Number of asset objects unloaded after import = 2
========================================================================
Received Import Request.
  Time since last request: 0.423613 seconds.
  path: Assets/Scenes/Materyaller/Ground textures pack/Grass 06/diffuse.tga
  artifactKey: Guid(f3c7e12938d22604eb51dc02b394dd80) Importer(815301076,1909f56bfc062723c751e8b465ee728b)
Start importing Assets/Scenes/Materyaller/Ground textures pack/Grass 06/diffuse.tga using Guid(f3c7e12938d22604eb51dc02b394dd80) Importer(815301076,1909f56bfc062723c751e8b465ee728b)  -> (artifact id: 'b4649e5ae8cf1f545cee7d51f7c4022d') in 0.019216 seconds
Number of updated asset objects reloaded before import = 0
Number of asset objects unloaded after import = 2
========================================================================
Received Import Request.
  Time since last request: 0.000037 seconds.
  path: Assets/Scenes/Materyaller/Ground textures pack/Grass 06/normal.tga
  artifactKey: Guid(d06c19850ee13bf4086860fd02cf417d) Importer(815301076,1909f56bfc062723c751e8b465ee728b)
Start importing Assets/Scenes/Materyaller/Ground textures pack/Grass 06/normal.tga using Guid(d06c19850ee13bf4086860fd02cf417d) Importer(815301076,1909f56bfc062723c751e8b465ee728b)  -> (artifact id: 'd99ee91ee7369575ffc2d893d8afd155') in 0.018778 seconds
Number of updated asset objects reloaded before import = 0
Number of asset objects unloaded after import = 2
========================================================================
Received Import Request.
  Time since last request: 29.828103 seconds.
  path: Assets/Scenes/Materyaller/Ground textures pack/Ground & moss/diffuse.tga
  artifactKey: Guid(62bf058d0f2f5df4da1f61da15013f34) Importer(815301076,1909f56bfc062723c751e8b465ee728b)
Start importing Assets/Scenes/Materyaller/Ground textures pack/Ground & moss/diffuse.tga using Guid(62bf058d0f2f5df4da1f61da15013f34) Importer(815301076,1909f56bfc062723c751e8b465ee728b)  -> (artifact id: '1aa5d504a210fca02ea832f8296252fb') in 0.019069 seconds
Number of updated asset objects reloaded before import = 0
Number of asset objects unloaded after import = 2
========================================================================
Received Import Request.
  Time since last request: 0.000046 seconds.
  path: Assets/Scenes/Materyaller/Ground textures pack/Ground & moss/preview.jpg
  artifactKey: Guid(89b1108068912fd4e81b047cbe3a5182) Importer(815301076,1909f56bfc062723c751e8b465ee728b)
Start importing Assets/Scenes/Materyaller/Ground textures pack/Ground & moss/preview.jpg using Guid(89b1108068912fd4e81b047cbe3a5182) Importer(815301076,1909f56bfc062723c751e8b465ee728b)  -> (artifact id: 'a9846aac7810bd0993a56b42891785cd') in 0.019144 seconds
Number of updated asset objects reloaded before import = 0
Number of asset objects unloaded after import = 2
========================================================================
Received Import Request.
  Time since last request: 201.654420 seconds.
  path: Assets/Scenes/Materyaller/Ground textures pack/Lava/diffuse.tga
  artifactKey: Guid(cc2d009b31ce2134a9438a34a78632a0) Importer(815301076,1909f56bfc062723c751e8b465ee728b)
Start importing Assets/Scenes/Materyaller/Ground textures pack/Lava/diffuse.tga using Guid(cc2d009b31ce2134a9438a34a78632a0) Importer(815301076,1909f56bfc062723c751e8b465ee728b)  -> (artifact id: '77df5297bee97aa32c82627165cac116') in 0.023612 seconds
Number of updated asset objects reloaded before import = 0
Number of asset objects unloaded after import = 2
========================================================================
Received Import Request.
  Time since last request: 0.004236 seconds.
  path: Assets/Scenes/Materyaller/Ground textures pack/Ground & rocks 03/diffuse.tga
  artifactKey: Guid(117cca91456049f4692a3becee93522e) Importer(815301076,1909f56bfc062723c751e8b465ee728b)
Start importing Assets/Scenes/Materyaller/Ground textures pack/Ground & rocks 03/diffuse.tga using Guid(117cca91456049f4692a3becee93522e) Importer(815301076,1909f56bfc062723c751e8b465ee728b)  -> (artifact id: 'e130f63a02f2a26990adc1ff7a5f6753') in 0.022397 seconds
Number of updated asset objects reloaded before import = 0
Number of asset objects unloaded after import = 2
========================================================================
Received Import Request.
  Time since last request: 0.000023 seconds.
  path: Assets/Scenes/Materyaller/Ground textures pack/Ground & rocks 01/diffuse.tga
  artifactKey: Guid(1d1ca9b1ff6a5ce4bbac09d301d51462) Importer(815301076,1909f56bfc062723c751e8b465ee728b)
Start importing Assets/Scenes/Materyaller/Ground textures pack/Ground & rocks 01/diffuse.tga using Guid(1d1ca9b1ff6a5ce4bbac09d301d51462) Importer(815301076,1909f56bfc062723c751e8b465ee728b)  -> (artifact id: 'd36da256ba6f589d2ee000165f7eadd1') in 0.020712 seconds
Number of updated asset objects reloaded before import = 0
Number of asset objects unloaded after import = 2
========================================================================
Received Import Request.
  Time since last request: 44.047797 seconds.
  path: Assets/Scenes/Materyaller/Ground textures pack/Ground & rocks 01/Ground & rocks pattern 01.mat
  artifactKey: Guid(224de5a1c3ba5f948af30bd7826e4666) Importer(815301076,1909f56bfc062723c751e8b465ee728b)
Start importing Assets/Scenes/Materyaller/Ground textures pack/Ground & rocks 01/Ground & rocks pattern 01.mat using Guid(224de5a1c3ba5f948af30bd7826e4666) Importer(815301076,1909f56bfc062723c751e8b465ee728b)  -> (artifact id: '91e9443c8fce23875906130e9f81cc9f') in 0.241090 seconds
Number of updated asset objects reloaded before import = 0
Number of asset objects unloaded after import = 3
========================================================================
Received Import Request.
  Time since last request: 16.619514 seconds.
  path: Assets/Scenes/Materyaller/Ground textures pack/Lava/emissive.tga
  artifactKey: Guid(c65e186198f501046a0aba89c6335cac) Importer(815301076,1909f56bfc062723c751e8b465ee728b)
Start importing Assets/Scenes/Materyaller/Ground textures pack/Lava/emissive.tga using Guid(c65e186198f501046a0aba89c6335cac) Importer(815301076,1909f56bfc062723c751e8b465ee728b)  -> (artifact id: 'aa7eb9f219f12f27a5f2d35490a486cb') in 0.018812 seconds
Number of updated asset objects reloaded before import = 0
Number of asset objects unloaded after import = 2
========================================================================
Received Import Request.
  Time since last request: 0.238241 seconds.
  path: Assets/Scenes/Materyaller/Ground textures pack/Ground & weeds/normal.tga
  artifactKey: Guid(aaf8aa487d001f44f9726eb6ee77d298) Importer(815301076,1909f56bfc062723c751e8b465ee728b)
Start importing Assets/Scenes/Materyaller/Ground textures pack/Ground & weeds/normal.tga using Guid(aaf8aa487d001f44f9726eb6ee77d298) Importer(815301076,1909f56bfc062723c751e8b465ee728b)  -> (artifact id: '85a6e42e2e497775abe648fde7914969') in 0.021046 seconds
Number of updated asset objects reloaded before import = 0
Number of asset objects unloaded after import = 2
========================================================================
Received Import Request.
  Time since last request: 0.067815 seconds.
  path: Assets/Scenes/Materyaller/Ground textures pack/Ground 01/normal.tga
  artifactKey: Guid(f49b46ff67c24a84ba0cdb7301ab7337) Importer(815301076,1909f56bfc062723c751e8b465ee728b)
Start importing Assets/Scenes/Materyaller/Ground textures pack/Ground 01/normal.tga using Guid(f49b46ff67c24a84ba0cdb7301ab7337) Importer(815301076,1909f56bfc062723c751e8b465ee728b)  -> (artifact id: 'd21ac82f93de4102d0b1ed17b6d27edb') in 0.019547 seconds
Number of updated asset objects reloaded before import = 0
Number of asset objects unloaded after import = 2
========================================================================
Received Import Request.
  Time since last request: 0.255525 seconds.
  path: Assets/Scenes/Materyaller/Ground textures pack/Lava/normal.tga
  artifactKey: Guid(d9327a0e08e4ab54284a5f31a7e7db5a) Importer(815301076,1909f56bfc062723c751e8b465ee728b)
Start importing Assets/Scenes/Materyaller/Ground textures pack/Lava/normal.tga using Guid(d9327a0e08e4ab54284a5f31a7e7db5a) Importer(815301076,1909f56bfc062723c751e8b465ee728b)  -> (artifact id: 'f2b55bf3a20b4b957e31679dfdbd00c5') in 0.018872 seconds
Number of updated asset objects reloaded before import = 0
Number of asset objects unloaded after import = 2
========================================================================
Received Import Request.
  Time since last request: 0.071356 seconds.
  path: Assets/Scenes/Materyaller/Ground textures pack/Ground 02/normal.tga
  artifactKey: Guid(bf5346a62bd7d0b43a30d8188cf4163e) Importer(815301076,1909f56bfc062723c751e8b465ee728b)
Start importing Assets/Scenes/Materyaller/Ground textures pack/Ground 02/normal.tga using Guid(bf5346a62bd7d0b43a30d8188cf4163e) Importer(815301076,1909f56bfc062723c751e8b465ee728b)  -> (artifact id: 'e56183f7a7ff1f3fdc8372a879c13623') in 0.017771 seconds
Number of updated asset objects reloaded before import = 0
Number of asset objects unloaded after import = 2
========================================================================
Received Import Request.
  Time since last request: 0.641492 seconds.
  path: Assets/Scenes/Materyaller/Ground textures pack/Ground & rocks 03/normal.tga
  artifactKey: Guid(cff344200e51614498e78e8f88d54273) Importer(815301076,1909f56bfc062723c751e8b465ee728b)
Start importing Assets/Scenes/Materyaller/Ground textures pack/Ground & rocks 03/normal.tga using Guid(cff344200e51614498e78e8f88d54273) Importer(815301076,1909f56bfc062723c751e8b465ee728b)  -> (artifact id: '14e55b5f4cc8d1b794330d5434bc2fe4') in 0.016883 seconds
Number of updated asset objects reloaded before import = 0
Number of asset objects unloaded after import = 2
========================================================================
Received Import Request.
  Time since last request: 0.054965 seconds.
  path: Assets/Scenes/Materyaller/Ground textures pack/Ground & weeds/preview.jpg
  artifactKey: Guid(0eea7651b99559648ab8929cb28e591a) Importer(815301076,1909f56bfc062723c751e8b465ee728b)
Start importing Assets/Scenes/Materyaller/Ground textures pack/Ground & weeds/preview.jpg using Guid(0eea7651b99559648ab8929cb28e591a) Importer(815301076,1909f56bfc062723c751e8b465ee728b)  -> (artifact id: '7ed785266f9b22e252a3534f4e5c1271') in 0.017772 seconds
Number of updated asset objects reloaded before import = 0
Number of asset objects unloaded after import = 2
========================================================================
Received Import Request.
  Time since last request: 0.145502 seconds.
  path: Assets/Scenes/Materyaller/Ground textures pack/Ground & rocks 02/preview.jpg
  artifactKey: Guid(54092c753f93b1c42b7b1cd5f3333f93) Importer(815301076,1909f56bfc062723c751e8b465ee728b)
Start importing Assets/Scenes/Materyaller/Ground textures pack/Ground & rocks 02/preview.jpg using Guid(54092c753f93b1c42b7b1cd5f3333f93) Importer(815301076,1909f56bfc062723c751e8b465ee728b)  -> (artifact id: '223b195cebf061479f51b88d2818ab7f') in 0.018878 seconds
Number of updated asset objects reloaded before import = 0
Number of asset objects unloaded after import = 2
========================================================================
Received Import Request.
  Time since last request: 0.811393 seconds.
  path: Assets/Scenes/Materyaller/Ground textures pack/Ground & rocks 03/preview.jpg
  artifactKey: Guid(451182d55aea8cb4e90af164a14e8bee) Importer(815301076,1909f56bfc062723c751e8b465ee728b)
Start importing Assets/Scenes/Materyaller/Ground textures pack/Ground & rocks 03/preview.jpg using Guid(451182d55aea8cb4e90af164a14e8bee) Importer(815301076,1909f56bfc062723c751e8b465ee728b)  -> (artifact id: '457c45fc963f74db551f3f8e8f9190a4') in 0.024699 seconds
Number of updated asset objects reloaded before import = 0
Number of asset objects unloaded after import = 2
========================================================================
Received Prepare
Begin MonoManager ReloadAssembly
- Loaded All Assemblies, in  1.970 seconds
Refreshing native plugins compatible for Editor in 5.67 ms, found 3 plugins.
Native extension for WindowsStandalone target not found
Native extension for WebGL target not found
[Package Manager] Server::EnsureServerProcessIsRunning -- launch failed, reason: Unity was launched with the -noUpm command-line argument
[Package Manager] UpmClient::Send -- Unable to send message (not connected to UPM process).
[Package Manager] Cannot connect to Unity Package Manager local server
Mono: successfully reloaded assembly
- Finished resetting the current domain, in  1.897 seconds
Domain Reload Profiling: 3865ms
	BeginReloadAssembly (828ms)
		ExecutionOrderSort (0ms)
		DisableScriptedObjects (24ms)
		BackupInstance (0ms)
		ReleaseScriptingObjects (0ms)
		CreateAndSetChildDomain (113ms)
	RebuildCommonClasses (149ms)
	RebuildNativeTypeToScriptingClass (118ms)
	initialDomainReloadingComplete (128ms)
	LoadAllAssembliesAndSetupDomain (744ms)
		LoadAssemblies (1298ms)
		RebuildTransferFunctionScriptingTraits (0ms)
		AnalyzeDomain (43ms)
			TypeCache.Refresh (16ms)
				TypeCache.ScanAssembly (1ms)
			ScanForSourceGeneratedMonoScriptInfo (16ms)
			ResolveRequiredComponents (10ms)
	FinalizeReload (1898ms)
		ReleaseScriptCaches (0ms)
		RebuildScriptCaches (0ms)
		SetupLoadedEditorAssemblies (958ms)
			LogAssemblyErrors (0ms)
			InitializePlatformSupportModulesInManaged (9ms)
			SetLoadedEditorAssemblies (6ms)
			RefreshPlugins (0ms)
			BeforeProcessingInitializeOnLoad (94ms)
			ProcessInitializeOnLoadAttributes (804ms)
			ProcessInitializeOnLoadMethodAttributes (41ms)
			AfterProcessingInitializeOnLoad (4ms)
			EditorAssembliesLoaded (0ms)
		ExecutionOrderSort2 (0ms)
		AwakeInstancesAfterBackupRestoration (14ms)
Refreshing native plugins compatible for Editor in 4.92 ms, found 3 plugins.
Preloading 0 native plugins for Editor in 0.00 ms.
Unloading 3097 Unused Serialized files (Serialized files now loaded: 0)
Unloading 28 unused Assets / (11.4 MB). Loaded Objects now: 3635.
Memory consumption went from 155.9 MB to 144.4 MB.
Total: 5.470700 ms (FindLiveObjects: 0.342100 ms CreateObjectMapping: 0.107300 ms MarkObjects: 3.887700 ms  DeleteObjects: 1.131700 ms)

Prepare: number of updated asset objects reloaded= 0
AssetImportParameters requested are different than current active one (requested -> active):
  custom:container-demuxer-ogg: 62fdf1f143b41e24485cea50d1cbac27 -> 
  custom:video-decoder-ogg-theora: a1e56fd34408186e4bbccfd4996cb3dc -> 
  custom:framework-win-MediaFoundation: 216162199b28c13a410421893ffa2e32 -> 
  custom:CustomObjectIndexerAttribute: 9a22284fe3817be447336de3de66b15e -> 
  custom:container-demuxer-webm: 4f35f7cbe854078d1ac9338744f61a02 -> 
  custom:container-muxer-webm: aa71ff27fc2769a1b78a27578f13a17b -> 
  custom:video-decoder-webm-vp8: 9c59270c3fd7afecdb556c50c9e8de78 -> 
  custom:SearchIndexIgnoredProperties: e643bd26f0fe6173181afceb89e7c659 -> 
  custom:AudioImporter_EditorPlatform: d09bf68614088b80899f8185d706f6e7 -> 
  custom:video-encoder-webm-vp8: eb34c28f22e8b96e1ab97ce403110664 -> 
  custom:audio-decoder-ogg-vorbis: bf7c407c2cedff20999df2af8eb42d56 -> 
  custom:audio-encoder-webm-vorbis: bf7c407c2cedff20999df2af8eb42d56 -> 
========================================================================
Received Import Request.
  Time since last request: 341.424883 seconds.
  path: Assets/ALP_Assets/Big Oak Tree FREE
  artifactKey: Guid(5940ab29e102975419588524b8041c44) Importer(815301076,1909f56bfc062723c751e8b465ee728b)
Start importing Assets/ALP_Assets/Big Oak Tree FREE using Guid(5940ab29e102975419588524b8041c44) Importer(815301076,1909f56bfc062723c751e8b465ee728b)  -> (artifact id: '491b2d8ab8ccda7bd7cb464b96f49dba') in 0.003869 seconds
Number of updated asset objects reloaded before import = 0
Number of asset objects unloaded after import = 0
========================================================================
Received Import Request.
  Time since last request: 1.412230 seconds.
  path: Assets/ALP_Assets/Big Oak Tree FREE/Shaders
  artifactKey: Guid(d00d770fccf99b5438a6b8fd7f708bc1) Importer(815301076,1909f56bfc062723c751e8b465ee728b)
Start importing Assets/ALP_Assets/Big Oak Tree FREE/Shaders using Guid(d00d770fccf99b5438a6b8fd7f708bc1) Importer(815301076,1909f56bfc062723c751e8b465ee728b)  -> (artifact id: '37eb5a4c67b8dd8869a37fbce9f7afb0') in 0.000733 seconds
Number of updated asset objects reloaded before import = 0
Number of asset objects unloaded after import = 0
========================================================================
Received Import Request.
  Time since last request: 2.152957 seconds.
  path: Assets/ALP_Assets/Big Oak Tree FREE/Prefabs/OakBigTree01_pr.prefab
  artifactKey: Guid(d95a6c783e91fea4d8096b66eb134ed5) Importer(815301076,1909f56bfc062723c751e8b465ee728b)
Start importing Assets/ALP_Assets/Big Oak Tree FREE/Prefabs/OakBigTree01_pr.prefab using Guid(d95a6c783e91fea4d8096b66eb134ed5) Importer(815301076,1909f56bfc062723c751e8b465ee728b)  -> (artifact id: '3f930e02673b83bc835eece268221376') in 3.258039 seconds
Number of updated asset objects reloaded before import = 0
Number of asset objects unloaded after import = 50
========================================================================
Received Import Request.
  Time since last request: 29.819903 seconds.
  path: Assets/ALP_Assets/Big Oak Tree FREE/Models/OakBigTree01.fbx
  artifactKey: Guid(6366e10f9cacd274ebee65ade5a76def) Importer(815301076,1909f56bfc062723c751e8b465ee728b)
Start importing Assets/ALP_Assets/Big Oak Tree FREE/Models/OakBigTree01.fbx using Guid(6366e10f9cacd274ebee65ade5a76def) Importer(815301076,1909f56bfc062723c751e8b465ee728b)  -> (artifact id: 'bf80c5954fa5e38f0180fecfa8778c9e') in 1.543356 seconds
Number of updated asset objects reloaded before import = 0
Number of asset objects unloaded after import = 50
========================================================================
Received Prepare
Begin MonoManager ReloadAssembly
- Loaded All Assemblies, in  0.713 seconds
Refreshing native plugins compatible for Editor in 5.96 ms, found 3 plugins.
Native extension for WindowsStandalone target not found
Native extension for WebGL target not found
[Package Manager] Server::EnsureServerProcessIsRunning -- launch failed, reason: Unity was launched with the -noUpm command-line argument
[Package Manager] UpmClient::Send -- Unable to send message (not connected to UPM process).
[Package Manager] Cannot connect to Unity Package Manager local server
Mono: successfully reloaded assembly
- Finished resetting the current domain, in  1.799 seconds
Domain Reload Profiling: 2512ms
	BeginReloadAssembly (276ms)
		ExecutionOrderSort (0ms)
		DisableScriptedObjects (8ms)
		BackupInstance (0ms)
		ReleaseScriptingObjects (0ms)
		CreateAndSetChildDomain (53ms)
	RebuildCommonClasses (59ms)
	RebuildNativeTypeToScriptingClass (19ms)
	initialDomainReloadingComplete (42ms)
	LoadAllAssembliesAndSetupDomain (316ms)
		LoadAssemblies (453ms)
		RebuildTransferFunctionScriptingTraits (0ms)
		AnalyzeDomain (34ms)
			TypeCache.Refresh (13ms)
				TypeCache.ScanAssembly (0ms)
			ScanForSourceGeneratedMonoScriptInfo (11ms)
			ResolveRequiredComponents (9ms)
	FinalizeReload (1800ms)
		ReleaseScriptCaches (0ms)
		RebuildScriptCaches (0ms)
		SetupLoadedEditorAssemblies (912ms)
			LogAssemblyErrors (0ms)
			InitializePlatformSupportModulesInManaged (12ms)
			SetLoadedEditorAssemblies (6ms)
			RefreshPlugins (0ms)
			BeforeProcessingInitializeOnLoad (92ms)
			ProcessInitializeOnLoadAttributes (762ms)
			ProcessInitializeOnLoadMethodAttributes (36ms)
			AfterProcessingInitializeOnLoad (4ms)
			EditorAssembliesLoaded (0ms)
		ExecutionOrderSort2 (0ms)
		AwakeInstancesAfterBackupRestoration (11ms)
Refreshing native plugins compatible for Editor in 4.22 ms, found 3 plugins.
Preloading 0 native plugins for Editor in 0.00 ms.
Unloading 3100 Unused Serialized files (Serialized files now loaded: 0)
Unloading 26 unused Assets / (6.4 MB). Loaded Objects now: 3646.
Memory consumption went from 158.1 MB to 151.7 MB.
Total: 5.169400 ms (FindLiveObjects: 0.432600 ms CreateObjectMapping: 0.136000 ms MarkObjects: 3.794700 ms  DeleteObjects: 0.804200 ms)

Prepare: number of updated asset objects reloaded= 0
AssetImportParameters requested are different than current active one (requested -> active):
  custom:container-demuxer-ogg: 62fdf1f143b41e24485cea50d1cbac27 -> 
  custom:video-decoder-ogg-theora: a1e56fd34408186e4bbccfd4996cb3dc -> 
  custom:framework-win-MediaFoundation: 216162199b28c13a410421893ffa2e32 -> 
  custom:CustomObjectIndexerAttribute: 9a22284fe3817be447336de3de66b15e -> 
  custom:container-demuxer-webm: 4f35f7cbe854078d1ac9338744f61a02 -> 
  custom:container-muxer-webm: aa71ff27fc2769a1b78a27578f13a17b -> 
  custom:video-decoder-webm-vp8: 9c59270c3fd7afecdb556c50c9e8de78 -> 
  custom:SearchIndexIgnoredProperties: e643bd26f0fe6173181afceb89e7c659 -> 
  custom:AudioImporter_EditorPlatform: d09bf68614088b80899f8185d706f6e7 -> 
  custom:video-encoder-webm-vp8: eb34c28f22e8b96e1ab97ce403110664 -> 
  custom:audio-decoder-ogg-vorbis: bf7c407c2cedff20999df2af8eb42d56 -> 
  custom:audio-encoder-webm-vorbis: bf7c407c2cedff20999df2af8eb42d56 -> 
========================================================================
Received Import Request.
  Time since last request: 246.681273 seconds.
  path: Assets/New Terrain 1.asset
  artifactKey: Guid(34319dbf79b9da64994ce3fde2958db2) Importer(815301076,1909f56bfc062723c751e8b465ee728b)
Start importing Assets/New Terrain 1.asset using Guid(34319dbf79b9da64994ce3fde2958db2) Importer(815301076,1909f56bfc062723c751e8b465ee728b)  -> (artifact id: 'a67b6059900474d0a6eace8998c6d9f6') in 0.038513 seconds
Number of updated asset objects reloaded before import = 0
Number of asset objects unloaded after import = 37
========================================================================
Received Import Request.
  Time since last request: 3.520137 seconds.
  path: Assets/Numena/Plants/Lemon/Lemon Tree 1.prefab
  artifactKey: Guid(3c98bb4bee2f2ba4b92a2fbca7b8831f) Importer(815301076,1909f56bfc062723c751e8b465ee728b)
Start importing Assets/Numena/Plants/Lemon/Lemon Tree 1.prefab using Guid(3c98bb4bee2f2ba4b92a2fbca7b8831f) Importer(815301076,1909f56bfc062723c751e8b465ee728b)  -> (artifact id: '0931b39b2cb7d1fd135ff48d0be22f5f') in 0.650413 seconds
Number of updated asset objects reloaded before import = 0
Number of asset objects unloaded after import = 14
========================================================================
Received Import Request.
  Time since last request: 0.001805 seconds.
  path: Assets/Numena/Plants/Lemon/Terain Prefabs/Lemon Tree 2 Terrain.prefab
  artifactKey: Guid(dc41cdb983cf13b499619e70eaf48fcb) Importer(815301076,1909f56bfc062723c751e8b465ee728b)
Start importing Assets/Numena/Plants/Lemon/Terain Prefabs/Lemon Tree 2 Terrain.prefab using Guid(dc41cdb983cf13b499619e70eaf48fcb) Importer(815301076,1909f56bfc062723c751e8b465ee728b)  -> (artifact id: '3cc83963f3e88a0c7789f8e0e6e83092') in 0.367617 seconds
Number of updated asset objects reloaded before import = 0
Number of asset objects unloaded after import = 14
========================================================================
Received Import Request.
  Time since last request: 0.000030 seconds.
  path: Assets/Numena/Plants/Lemon/Terain Prefabs/Lemon Tree 4 Terrain.prefab
  artifactKey: Guid(c1af1c199f153a340921be4c20ccb38f) Importer(815301076,1909f56bfc062723c751e8b465ee728b)
Start importing Assets/Numena/Plants/Lemon/Terain Prefabs/Lemon Tree 4 Terrain.prefab using Guid(c1af1c199f153a340921be4c20ccb38f) Importer(815301076,1909f56bfc062723c751e8b465ee728b)  -> (artifact id: '59855820fac4c422d17934a1e538a68f') in 0.028048 seconds
Number of updated asset objects reloaded before import = 0
Number of asset objects unloaded after import = 14
========================================================================
Received Import Request.
  Time since last request: 0.000039 seconds.
  path: Assets/Numena/Plants/Lemon/Prefabs With Fruits/Lemon Tree 3 w Fruits.prefab
  artifactKey: Guid(67762154df3b7ca4eaaebcc646c11bbf) Importer(815301076,1909f56bfc062723c751e8b465ee728b)
Start importing Assets/Numena/Plants/Lemon/Prefabs With Fruits/Lemon Tree 3 w Fruits.prefab using Guid(67762154df3b7ca4eaaebcc646c11bbf) Importer(815301076,1909f56bfc062723c751e8b465ee728b)  -> (artifact id: '6001d096002936a352bab6867590eb16') in 0.039898 seconds
Number of updated asset objects reloaded before import = 0
Number of asset objects unloaded after import = 14
========================================================================
Received Import Request.
  Time since last request: 1.105024 seconds.
  path: Assets/Numena/Plants/Lemon/Prefabs With Fruits/Lemon Tree 4 w Fruits.prefab
  artifactKey: Guid(c1293ad6a2baf184c92d003aa923c284) Importer(815301076,1909f56bfc062723c751e8b465ee728b)
Start importing Assets/Numena/Plants/Lemon/Prefabs With Fruits/Lemon Tree 4 w Fruits.prefab using Guid(c1293ad6a2baf184c92d003aa923c284) Importer(815301076,1909f56bfc062723c751e8b465ee728b)  -> (artifact id: '4eec11f5b2900ab28d5552b2132b0978') in 0.030326 seconds
Number of updated asset objects reloaded before import = 0
Number of asset objects unloaded after import = 14
========================================================================
Received Import Request.
  Time since last request: 0.226780 seconds.
  path: Assets/Numena/Plants/Lemon/Source/lemon trees w fruits.fbx
  artifactKey: Guid(98b0ccf8b6592394f847463b75d797f7) Importer(815301076,1909f56bfc062723c751e8b465ee728b)
Start importing Assets/Numena/Plants/Lemon/Source/lemon trees w fruits.fbx using Guid(98b0ccf8b6592394f847463b75d797f7) Importer(815301076,1909f56bfc062723c751e8b465ee728b)  -> (artifact id: '1e7d75b8091c21d61da9e18e9d4082b9') in 0.115940 seconds
Number of updated asset objects reloaded before import = 0
Number of asset objects unloaded after import = 30
========================================================================
Received Import Request.
  Time since last request: 0.000033 seconds.
  path: Assets/Next_Spring/Tree_Bundle/Models/Realistic_7/Mobile/M_Realistic7_2.fbx
  artifactKey: Guid(ee6342b4ebfbce64e952c119de33db25) Importer(815301076,1909f56bfc062723c751e8b465ee728b)
Start importing Assets/Next_Spring/Tree_Bundle/Models/Realistic_7/Mobile/M_Realistic7_2.fbx using Guid(ee6342b4ebfbce64e952c119de33db25) Importer(815301076,1909f56bfc062723c751e8b465ee728b)  -> (artifact id: '75d57a8db52435f2f4a3e2e7527f715f') in 0.048154 seconds
Number of updated asset objects reloaded before import = 0
Number of asset objects unloaded after import = 17
========================================================================
Received Import Request.
  Time since last request: 0.128315 seconds.
  path: Assets/Next_Spring/Tree_Bundle/Prefabs/Realistic_7/Mobile/M_Realistic7_2.prefab
  artifactKey: Guid(e92beb54b9e5ba049b5080413ffeeb9c) Importer(815301076,1909f56bfc062723c751e8b465ee728b)
Start importing Assets/Next_Spring/Tree_Bundle/Prefabs/Realistic_7/Mobile/M_Realistic7_2.prefab using Guid(e92beb54b9e5ba049b5080413ffeeb9c) Importer(815301076,1909f56bfc062723c751e8b465ee728b)  -> (artifact id: '05f7889459e02905ac95c20d4654b85c') in 0.040782 seconds
Number of updated asset objects reloaded before import = 0
Number of asset objects unloaded after import = 17
========================================================================
Received Import Request.
  Time since last request: 0.000020 seconds.
  path: Assets/Next_Spring/Tree_Bundle/Prefabs/Realistic_7/Mobile/M_Realistic7_3.prefab
  artifactKey: Guid(1ec774b6e9f198945bbb8f30a462b372) Importer(815301076,1909f56bfc062723c751e8b465ee728b)
Start importing Assets/Next_Spring/Tree_Bundle/Prefabs/Realistic_7/Mobile/M_Realistic7_3.prefab using Guid(1ec774b6e9f198945bbb8f30a462b372) Importer(815301076,1909f56bfc062723c751e8b465ee728b)  -> (artifact id: 'a5cf63852d377397b4b492aea2c29201') in 0.043562 seconds
Number of updated asset objects reloaded before import = 0
Number of asset objects unloaded after import = 17
========================================================================
Received Import Request.
  Time since last request: 0.030337 seconds.
  path: Assets/Next_Spring/Tree_Bundle/Models/Realistic_7/Mobile/M_Realistic7_4.fbx
  artifactKey: Guid(bbc9b391776297e4eb1e4e2895fef54e) Importer(815301076,1909f56bfc062723c751e8b465ee728b)
Start importing Assets/Next_Spring/Tree_Bundle/Models/Realistic_7/Mobile/M_Realistic7_4.fbx using Guid(bbc9b391776297e4eb1e4e2895fef54e) Importer(815301076,1909f56bfc062723c751e8b465ee728b)  -> (artifact id: '937d1d38fdbba3d696a8b19fc6f96a37') in 0.046636 seconds
Number of updated asset objects reloaded before import = 0
Number of asset objects unloaded after import = 17
========================================================================
Received Import Request.
  Time since last request: 0.000029 seconds.
  path: Assets/Next_Spring/Tree_Bundle/Models/Realistic_7/Mobile/M_Realistic7_5.fbx
  artifactKey: Guid(176afa520ebb7bd41bb3ff0ad75a038b) Importer(815301076,1909f56bfc062723c751e8b465ee728b)
Start importing Assets/Next_Spring/Tree_Bundle/Models/Realistic_7/Mobile/M_Realistic7_5.fbx using Guid(176afa520ebb7bd41bb3ff0ad75a038b) Importer(815301076,1909f56bfc062723c751e8b465ee728b)  -> (artifact id: 'ba89f31f26cf371c33e326a9bdcdeaa9') in 0.051878 seconds
Number of updated asset objects reloaded before import = 0
Number of asset objects unloaded after import = 17
========================================================================
Received Import Request.
  Time since last request: 2.016450 seconds.
  path: Assets/Next_Spring/Tree_Bundle/Models/Realistic_7/Mobile/M_Realistic7_6.fbx
  artifactKey: Guid(13f5489c565c25246b4019614c5668d5) Importer(815301076,1909f56bfc062723c751e8b465ee728b)
Start importing Assets/Next_Spring/Tree_Bundle/Models/Realistic_7/Mobile/M_Realistic7_6.fbx using Guid(13f5489c565c25246b4019614c5668d5) Importer(815301076,1909f56bfc062723c751e8b465ee728b)  -> (artifact id: '655588272cb7c6f4341c717963e73639') in 0.053075 seconds
Number of updated asset objects reloaded before import = 0
Number of asset objects unloaded after import = 17
========================================================================
Received Import Request.
  Time since last request: 0.000029 seconds.
  path: Assets/Next_Spring/Tree_Bundle/Models/Realistic_7/Mobile/M_Realistic7_14.fbx
  artifactKey: Guid(1f82fbedacf975144824bb4f1992bca1) Importer(815301076,1909f56bfc062723c751e8b465ee728b)
Start importing Assets/Next_Spring/Tree_Bundle/Models/Realistic_7/Mobile/M_Realistic7_14.fbx using Guid(1f82fbedacf975144824bb4f1992bca1) Importer(815301076,1909f56bfc062723c751e8b465ee728b)  -> (artifact id: '9611429ed24f881519dcd932ce5e045f') in 0.040478 seconds
Number of updated asset objects reloaded before import = 0
Number of asset objects unloaded after import = 15
========================================================================
Received Import Request.
  Time since last request: 0.000032 seconds.
  path: Assets/Next_Spring/Tree_Bundle/Models/Realistic_7/Mobile/M_Realistic7_11.fbx
  artifactKey: Guid(f71d0b4e36b448c438c2737574bbe98e) Importer(815301076,1909f56bfc062723c751e8b465ee728b)
Start importing Assets/Next_Spring/Tree_Bundle/Models/Realistic_7/Mobile/M_Realistic7_11.fbx using Guid(f71d0b4e36b448c438c2737574bbe98e) Importer(815301076,1909f56bfc062723c751e8b465ee728b)  -> (artifact id: '33b6a4ec64a49daa73016e958db7bb9d') in 0.035829 seconds
Number of updated asset objects reloaded before import = 0
Number of asset objects unloaded after import = 12
========================================================================
Received Import Request.
  Time since last request: 0.000063 seconds.
  path: Assets/Hipernt/Pine Pack/Prefabs/Pine3.prefab
  artifactKey: Guid(6492c94bc0b672641be265bb175c7070) Importer(815301076,1909f56bfc062723c751e8b465ee728b)
Start importing Assets/Hipernt/Pine Pack/Prefabs/Pine3.prefab using Guid(6492c94bc0b672641be265bb175c7070) Importer(815301076,1909f56bfc062723c751e8b465ee728b)  -> (artifact id: '6b25a5a91dc630d91f3a24038b065501') in 0.927667 seconds
Number of updated asset objects reloaded before import = 0
Number of asset objects unloaded after import = 13
========================================================================
Received Import Request.
  Time since last request: 0.000028 seconds.
  path: Assets/Next_Spring/Tree_Bundle/Models/Realistic_7/Mobile/M_Realistic7_16.fbx
  artifactKey: Guid(3af76b91501187048a19d48e4b50d829) Importer(815301076,1909f56bfc062723c751e8b465ee728b)
Start importing Assets/Next_Spring/Tree_Bundle/Models/Realistic_7/Mobile/M_Realistic7_16.fbx using Guid(3af76b91501187048a19d48e4b50d829) Importer(815301076,1909f56bfc062723c751e8b465ee728b)  -> (artifact id: '757e5b8e874b4dc82978c8c77e948815') in 0.040701 seconds
Number of updated asset objects reloaded before import = 0
Number of asset objects unloaded after import = 15
========================================================================
Received Import Request.
  Time since last request: 0.000042 seconds.
  path: Assets/Hipernt/Pine Pack/Prefabs/Plant1.prefab
  artifactKey: Guid(732f7239441721c46baf5302a30fde43) Importer(815301076,1909f56bfc062723c751e8b465ee728b)
Start importing Assets/Hipernt/Pine Pack/Prefabs/Plant1.prefab using Guid(732f7239441721c46baf5302a30fde43) Importer(815301076,1909f56bfc062723c751e8b465ee728b)  -> (artifact id: '436f0d9e9a7cec27213db93889e1eacc') in 0.023166 seconds
Number of updated asset objects reloaded before import = 0
Number of asset objects unloaded after import = 10
========================================================================
Received Import Request.
  Time since last request: 0.000025 seconds.
  path: Assets/Next_Spring/Tree_Bundle/Prefabs/Realistic_7/Mobile/M_Realistic7_15.prefab
  artifactKey: Guid(afba4efe5b640d54a895a27963a51a43) Importer(815301076,1909f56bfc062723c751e8b465ee728b)
Start importing Assets/Next_Spring/Tree_Bundle/Prefabs/Realistic_7/Mobile/M_Realistic7_15.prefab using Guid(afba4efe5b640d54a895a27963a51a43) Importer(815301076,1909f56bfc062723c751e8b465ee728b)  -> (artifact id: '7da6c08896355ec21783de439f61118e') in 0.031512 seconds
Number of updated asset objects reloaded before import = 0
Number of asset objects unloaded after import = 15
========================================================================
Received Import Request.
  Time since last request: 0.000028 seconds.
  path: Assets/Hipernt/Pine Pack/Prefabs/Pine4.prefab
  artifactKey: Guid(dde4ad11e7d16e944bbd6c4d7174a4fc) Importer(815301076,1909f56bfc062723c751e8b465ee728b)
Start importing Assets/Hipernt/Pine Pack/Prefabs/Pine4.prefab using Guid(dde4ad11e7d16e944bbd6c4d7174a4fc) Importer(815301076,1909f56bfc062723c751e8b465ee728b)  -> (artifact id: '0204f1985bc28bac6a88748c10e9dc50') in 0.030512 seconds
Number of updated asset objects reloaded before import = 0
Number of asset objects unloaded after import = 13
========================================================================
Received Import Request.
  Time since last request: 0.000023 seconds.
  path: Assets/Hipernt/Pine Pack/Prefabs/Pine1.prefab
  artifactKey: Guid(30f00672d84b6ae4ea673eb5cae4f72e) Importer(815301076,1909f56bfc062723c751e8b465ee728b)
Start importing Assets/Hipernt/Pine Pack/Prefabs/Pine1.prefab using Guid(30f00672d84b6ae4ea673eb5cae4f72e) Importer(815301076,1909f56bfc062723c751e8b465ee728b)  -> (artifact id: 'ce560a9e9c7404ad16d4f50b4fe723bb') in 0.027063 seconds
Number of updated asset objects reloaded before import = 0
Number of asset objects unloaded after import = 13
========================================================================
Received Import Request.
  Time since last request: 0.000028 seconds.
  path: Assets/Hipernt/Pine Pack/Prefabs/Pine6.prefab
  artifactKey: Guid(e08b40f9daef20948b7a5fb55f2966b6) Importer(815301076,1909f56bfc062723c751e8b465ee728b)
Start importing Assets/Hipernt/Pine Pack/Prefabs/Pine6.prefab using Guid(e08b40f9daef20948b7a5fb55f2966b6) Importer(815301076,1909f56bfc062723c751e8b465ee728b)  -> (artifact id: '012dbbd25e00830e9d21b70cefc8ba16') in 0.026266 seconds
Number of updated asset objects reloaded before import = 0
Number of asset objects unloaded after import = 13
========================================================================
Received Import Request.
  Time since last request: 0.000029 seconds.
  path: Assets/Next_Spring/Tree_Bundle/Prefabs/Realistic_7/Mobile/M_Realistic7_13.prefab
  artifactKey: Guid(1c49924569264054b83aff11752179b6) Importer(815301076,1909f56bfc062723c751e8b465ee728b)
Start importing Assets/Next_Spring/Tree_Bundle/Prefabs/Realistic_7/Mobile/M_Realistic7_13.prefab using Guid(1c49924569264054b83aff11752179b6) Importer(815301076,1909f56bfc062723c751e8b465ee728b)  -> (artifact id: 'a1b7507e23e0daf5d07e0fdce92e486e') in 0.032225 seconds
Number of updated asset objects reloaded before import = 0
Number of asset objects unloaded after import = 15
========================================================================
Received Import Request.
  Time since last request: 0.000029 seconds.
  path: Assets/Hipernt/Pine Pack/Prefabs/PlantFlower.prefab
  artifactKey: Guid(893a0fc591e16fd4fa775642a5852ed0) Importer(815301076,1909f56bfc062723c751e8b465ee728b)
Start importing Assets/Hipernt/Pine Pack/Prefabs/PlantFlower.prefab using Guid(893a0fc591e16fd4fa775642a5852ed0) Importer(815301076,1909f56bfc062723c751e8b465ee728b)  -> (artifact id: 'f283cefa7b2160576771916e6240f9ee') in 0.030799 seconds
Number of updated asset objects reloaded before import = 0
Number of asset objects unloaded after import = 16
========================================================================
Received Import Request.
  Time since last request: 0.000026 seconds.
  path: Assets/Hipernt/Pine Pack/Models/Pine1.fbx
  artifactKey: Guid(a7d7b03fddcbfc7498794af8405467d1) Importer(815301076,1909f56bfc062723c751e8b465ee728b)
Start importing Assets/Hipernt/Pine Pack/Models/Pine1.fbx using Guid(a7d7b03fddcbfc7498794af8405467d1) Importer(815301076,1909f56bfc062723c751e8b465ee728b)  -> (artifact id: '30a68ff3001ca28b6a38a68f16594861') in 0.065302 seconds
Number of updated asset objects reloaded before import = 0
Number of asset objects unloaded after import = 10
========================================================================
Received Import Request.
  Time since last request: 0.000028 seconds.
  path: Assets/Next_Spring/Tree_Bundle/Models/Realistic_7/Mobile/M_Realistic7_12.fbx
  artifactKey: Guid(7821a6678f465ea40810ebf9ae79e685) Importer(815301076,1909f56bfc062723c751e8b465ee728b)
Start importing Assets/Next_Spring/Tree_Bundle/Models/Realistic_7/Mobile/M_Realistic7_12.fbx using Guid(7821a6678f465ea40810ebf9ae79e685) Importer(815301076,1909f56bfc062723c751e8b465ee728b)  -> (artifact id: '05141bc47a84a21bc05a83b3338c3b30') in 0.034310 seconds
Number of updated asset objects reloaded before import = 0
Number of asset objects unloaded after import = 12
========================================================================
Received Import Request.
  Time since last request: 0.000036 seconds.
  path: Assets/Next_Spring/Tree_Bundle/Models/Realistic_7/Mobile/M_Realistic7_17.fbx
  artifactKey: Guid(55cccefbd5f232443a7ab703b5807506) Importer(815301076,1909f56bfc062723c751e8b465ee728b)
Start importing Assets/Next_Spring/Tree_Bundle/Models/Realistic_7/Mobile/M_Realistic7_17.fbx using Guid(55cccefbd5f232443a7ab703b5807506) Importer(815301076,1909f56bfc062723c751e8b465ee728b)  -> (artifact id: '588785bf39bc4cb01d84fa404b573ffe') in 0.036692 seconds
Number of updated asset objects reloaded before import = 0
Number of asset objects unloaded after import = 15
========================================================================
Received Import Request.
  Time since last request: 0.000025 seconds.
  path: Assets/Next_Spring/Tree_Bundle/Prefabs/Realistic_7/Mobile/M_Realistic7_9.prefab
  artifactKey: Guid(dee9b8ded4a753c48a8e8179dbde51ba) Importer(815301076,1909f56bfc062723c751e8b465ee728b)
Start importing Assets/Next_Spring/Tree_Bundle/Prefabs/Realistic_7/Mobile/M_Realistic7_9.prefab using Guid(dee9b8ded4a753c48a8e8179dbde51ba) Importer(815301076,1909f56bfc062723c751e8b465ee728b)  -> (artifact id: '94e9185966b762d1f7828c0fea748f06') in 0.033559 seconds
Number of updated asset objects reloaded before import = 0
Number of asset objects unloaded after import = 15
========================================================================
Received Import Request.
  Time since last request: 0.000030 seconds.
  path: Assets/Hipernt/Pine Pack/Models/Pine4.fbx
  artifactKey: Guid(b8e4a06cd2b18394c8d53e67bff2a5ba) Importer(815301076,1909f56bfc062723c751e8b465ee728b)
Start importing Assets/Hipernt/Pine Pack/Models/Pine4.fbx using Guid(b8e4a06cd2b18394c8d53e67bff2a5ba) Importer(815301076,1909f56bfc062723c751e8b465ee728b)  -> (artifact id: '79ad59c33c404dc200867b8d48762ed7') in 0.043971 seconds
Number of updated asset objects reloaded before import = 0
Number of asset objects unloaded after import = 10
========================================================================
Received Import Request.
  Time since last request: 0.000026 seconds.
  path: Assets/Next_Spring/Tree_Bundle/Models/Realistic_7/Mobile/M_Realistic7_15.fbx
  artifactKey: Guid(b9d5c446bbf407c4fb23512d512ed96f) Importer(815301076,1909f56bfc062723c751e8b465ee728b)
Start importing Assets/Next_Spring/Tree_Bundle/Models/Realistic_7/Mobile/M_Realistic7_15.fbx using Guid(b9d5c446bbf407c4fb23512d512ed96f) Importer(815301076,1909f56bfc062723c751e8b465ee728b)  -> (artifact id: '68fde97b397addafca222157a01119dc') in 0.048186 seconds
Number of updated asset objects reloaded before import = 0
Number of asset objects unloaded after import = 15
========================================================================
Received Import Request.
  Time since last request: 0.000023 seconds.
  path: Assets/Hipernt/Pine Pack/Models/Plant1.fbx
  artifactKey: Guid(db1a53d78da72cb418d3160a2dd1e2a0) Importer(815301076,1909f56bfc062723c751e8b465ee728b)
Start importing Assets/Hipernt/Pine Pack/Models/Plant1.fbx using Guid(db1a53d78da72cb418d3160a2dd1e2a0) Importer(815301076,1909f56bfc062723c751e8b465ee728b)  -> (artifact id: '9edf5d7415285b7466b73a39c71dd05b') in 0.037398 seconds
Number of updated asset objects reloaded before import = 0
Number of asset objects unloaded after import = 9
========================================================================
Received Import Request.
  Time since last request: 0.000031 seconds.
  path: Assets/Next_Spring/Tree_Bundle/Models/Realistic_7/Mobile/M_Realistic7_8.fbx
  artifactKey: Guid(e73cb522c3527724e98d03e090e5c2c2) Importer(815301076,1909f56bfc062723c751e8b465ee728b)
Start importing Assets/Next_Spring/Tree_Bundle/Models/Realistic_7/Mobile/M_Realistic7_8.fbx using Guid(e73cb522c3527724e98d03e090e5c2c2) Importer(815301076,1909f56bfc062723c751e8b465ee728b)  -> (artifact id: 'c15ab208fc8557fd23284de84b03555c') in 0.042543 seconds
Number of updated asset objects reloaded before import = 0
Number of asset objects unloaded after import = 15
========================================================================
Received Import Request.
  Time since last request: 0.000033 seconds.
  path: Assets/Next_Spring/Tree_Bundle/Models/Realistic_7/Mobile/M_Realistic7_7.fbx
  artifactKey: Guid(b8c068baea66f7f4d809b3b480780b9c) Importer(815301076,1909f56bfc062723c751e8b465ee728b)
Start importing Assets/Next_Spring/Tree_Bundle/Models/Realistic_7/Mobile/M_Realistic7_7.fbx using Guid(b8c068baea66f7f4d809b3b480780b9c) Importer(815301076,1909f56bfc062723c751e8b465ee728b)  -> (artifact id: '5f56d960fdb51f0a637527be70295d23') in 0.044411 seconds
Number of updated asset objects reloaded before import = 0
Number of asset objects unloaded after import = 15
========================================================================
Received Import Request.
  Time since last request: 138.372192 seconds.
  path: Assets/Next_Spring/Tree_Bundle/Textures/Global/501-free-hdri-skies-com.hdr
  artifactKey: Guid(4c6a5e995a24e844492ceecc2ea6b9cd) Importer(815301076,1909f56bfc062723c751e8b465ee728b)
Start importing Assets/Next_Spring/Tree_Bundle/Textures/Global/501-free-hdri-skies-com.hdr using Guid(4c6a5e995a24e844492ceecc2ea6b9cd) Importer(815301076,1909f56bfc062723c751e8b465ee728b)  -> (artifact id: 'd880498b8a43a252f25910eb093604b8') in 0.220555 seconds
Number of updated asset objects reloaded before import = 0
Number of asset objects unloaded after import = 1
========================================================================
Received Import Request.
  Time since last request: 1.539878 seconds.
  path: Assets/Next_Spring/Tree_Bundle/Editor/Textures/UI/Ads/ad3.psd
  artifactKey: Guid(bdd85042d7ae51e4f82013d49db75edd) Importer(815301076,1909f56bfc062723c751e8b465ee728b)
Start importing Assets/Next_Spring/Tree_Bundle/Editor/Textures/UI/Ads/ad3.psd using Guid(bdd85042d7ae51e4f82013d49db75edd) Importer(815301076,1909f56bfc062723c751e8b465ee728b)  -> (artifact id: 'c9f12717cd2866855383491940f39102') in 0.141050 seconds
Number of updated asset objects reloaded before import = 0
Number of asset objects unloaded after import = 3
========================================================================
Received Import Request.
  Time since last request: 0.000029 seconds.
  path: Assets/ALP_Assets/Big Oak Tree FREE/Models/Textures/BranchesOak001_MASK.tif
  artifactKey: Guid(9fee3a3c32b09a5438a940443fce39cf) Importer(815301076,1909f56bfc062723c751e8b465ee728b)
Start importing Assets/ALP_Assets/Big Oak Tree FREE/Models/Textures/BranchesOak001_MASK.tif using Guid(9fee3a3c32b09a5438a940443fce39cf) Importer(815301076,1909f56bfc062723c751e8b465ee728b)  -> (artifact id: 'fdd5c9715b891a8a3cd669cc8daae1fc') in 0.018049 seconds
Number of updated asset objects reloaded before import = 0
Number of asset objects unloaded after import = 2
========================================================================
Received Import Request.
  Time since last request: 0.000037 seconds.
  path: Assets/ALP_Assets/Big Oak Tree FREE/Models/Textures/barkOak001_AO.png
  artifactKey: Guid(3e9201b8a410c324b867198c762b5d0f) Importer(815301076,1909f56bfc062723c751e8b465ee728b)
Start importing Assets/ALP_Assets/Big Oak Tree FREE/Models/Textures/barkOak001_AO.png using Guid(3e9201b8a410c324b867198c762b5d0f) Importer(815301076,1909f56bfc062723c751e8b465ee728b)  -> (artifact id: 'decb4fe63781d30dcb78714ab700d79a') in 0.026003 seconds
Number of updated asset objects reloaded before import = 0
Number of asset objects unloaded after import = 2
========================================================================
Received Import Request.
  Time since last request: 0.000031 seconds.
  path: Assets/Hipernt/Pine Pack/Textures/flower daisy_normal.png
  artifactKey: Guid(7fcc3b192ed78f648852060f4d78da3e) Importer(815301076,1909f56bfc062723c751e8b465ee728b)
Start importing Assets/Hipernt/Pine Pack/Textures/flower daisy_normal.png using Guid(7fcc3b192ed78f648852060f4d78da3e) Importer(815301076,1909f56bfc062723c751e8b465ee728b)  -> (artifact id: 'f07cd28a74ff1c34838e728978caba4c') in 0.021579 seconds
Number of updated asset objects reloaded before import = 0
Number of asset objects unloaded after import = 2
========================================================================
Received Import Request.
  Time since last request: 0.000030 seconds.
  path: Assets/Numena/Plants/Lemon/Source/Textures/Lemon Bark Normal.png
  artifactKey: Guid(8c03514cee68022409c778c5912c6426) Importer(815301076,1909f56bfc062723c751e8b465ee728b)
Start importing Assets/Numena/Plants/Lemon/Source/Textures/Lemon Bark Normal.png using Guid(8c03514cee68022409c778c5912c6426) Importer(815301076,1909f56bfc062723c751e8b465ee728b)  -> (artifact id: '11b20639ba65f4e58198c76ea9f59c3c') in 0.031770 seconds
Number of updated asset objects reloaded before import = 0
Number of asset objects unloaded after import = 2
========================================================================
Received Import Request.
  Time since last request: 0.000061 seconds.
  path: Assets/Hipernt/Pine Pack/Textures/flower daisy.png
  artifactKey: Guid(4cd0514b45f83384bafa873fa2f9b888) Importer(815301076,1909f56bfc062723c751e8b465ee728b)
Start importing Assets/Hipernt/Pine Pack/Textures/flower daisy.png using Guid(4cd0514b45f83384bafa873fa2f9b888) Importer(815301076,1909f56bfc062723c751e8b465ee728b)  -> (artifact id: '9ea548c6635d706584bc8368d355fff0') in 0.022448 seconds
Number of updated asset objects reloaded before import = 0
Number of asset objects unloaded after import = 2
========================================================================
Received Import Request.
  Time since last request: 0.000070 seconds.
  path: Assets/ALP_Assets/Big Oak Tree FREE/Models/Textures/barkOak001_smooth.png
  artifactKey: Guid(fd2dde1c7e4d28b41b6d5634154b8283) Importer(815301076,1909f56bfc062723c751e8b465ee728b)
Start importing Assets/ALP_Assets/Big Oak Tree FREE/Models/Textures/barkOak001_smooth.png using Guid(fd2dde1c7e4d28b41b6d5634154b8283) Importer(815301076,1909f56bfc062723c751e8b465ee728b)  -> (artifact id: 'd12bb5c3e9ed72703593332454a9846a') in 0.037438 seconds
Number of updated asset objects reloaded before import = 0
Number of asset objects unloaded after import = 2
========================================================================
Received Import Request.
  Time since last request: 0.000026 seconds.
  path: Assets/ALP_Assets/Big Oak Tree FREE/Models/Textures/BranchesOak001_Smooth.png
  artifactKey: Guid(4038b547e8ec2fc498f465bcf1d74729) Importer(815301076,1909f56bfc062723c751e8b465ee728b)
Start importing Assets/ALP_Assets/Big Oak Tree FREE/Models/Textures/BranchesOak001_Smooth.png using Guid(4038b547e8ec2fc498f465bcf1d74729) Importer(815301076,1909f56bfc062723c751e8b465ee728b)  -> (artifact id: 'f81bd34eb8eb875e2f7753df0269d72f') in 0.029661 seconds
Number of updated asset objects reloaded before import = 0
Number of asset objects unloaded after import = 2
========================================================================
Received Import Request.
  Time since last request: 0.000048 seconds.
  path: Assets/Hipernt/Pine Pack/Textures/bark_normal.png
  artifactKey: Guid(39723109b38408144956a19cf0d8010f) Importer(815301076,1909f56bfc062723c751e8b465ee728b)
Start importing Assets/Hipernt/Pine Pack/Textures/bark_normal.png using Guid(39723109b38408144956a19cf0d8010f) Importer(815301076,1909f56bfc062723c751e8b465ee728b)  -> (artifact id: 'de03091d996582b26217007858779fdc') in 0.020739 seconds
Number of updated asset objects reloaded before import = 0
Number of asset objects unloaded after import = 2
========================================================================
Received Import Request.
  Time since last request: 0.000033 seconds.
  path: Assets/ALP_Assets/Big Oak Tree FREE/Models/Textures/barkOak001.png
  artifactKey: Guid(e251468106f8d5b409d6ee86caa99cc5) Importer(815301076,1909f56bfc062723c751e8b465ee728b)
Start importing Assets/ALP_Assets/Big Oak Tree FREE/Models/Textures/barkOak001.png using Guid(e251468106f8d5b409d6ee86caa99cc5) Importer(815301076,1909f56bfc062723c751e8b465ee728b)  -> (artifact id: 'c416e158892bcc07be465cdb3ed5b8a6') in 0.033437 seconds
Number of updated asset objects reloaded before import = 0
Number of asset objects unloaded after import = 2
========================================================================
Received Import Request.
  Time since last request: 0.000031 seconds.
  path: Assets/Hipernt/Pine Pack/Textures/leaf daisy_normal.png
  artifactKey: Guid(21c7dde389636a143b5b54fa7d3b8c26) Importer(815301076,1909f56bfc062723c751e8b465ee728b)
Start importing Assets/Hipernt/Pine Pack/Textures/leaf daisy_normal.png using Guid(21c7dde389636a143b5b54fa7d3b8c26) Importer(815301076,1909f56bfc062723c751e8b465ee728b)  -> (artifact id: 'fca45d8e497f88ac9b3e53452cabf0b5') in 0.019106 seconds
Number of updated asset objects reloaded before import = 0
Number of asset objects unloaded after import = 2
========================================================================
Received Import Request.
  Time since last request: 0.000040 seconds.
  path: Assets/ALP_Assets/Big Oak Tree FREE/Models/Textures/BranchesOak001_Trans.tif
  artifactKey: Guid(0f27e0d94b1ce0e44a41446559e43425) Importer(815301076,1909f56bfc062723c751e8b465ee728b)
Start importing Assets/ALP_Assets/Big Oak Tree FREE/Models/Textures/BranchesOak001_Trans.tif using Guid(0f27e0d94b1ce0e44a41446559e43425) Importer(815301076,1909f56bfc062723c751e8b465ee728b)  -> (artifact id: 'bf61592d433a90b983b17dfa6028df2f') in 0.032924 seconds
Number of updated asset objects reloaded before import = 0
Number of asset objects unloaded after import = 2
========================================================================
Received Import Request.
  Time since last request: 0.000034 seconds.
  path: Assets/ALP_Assets/Big Oak Tree FREE/Models/Textures/BigOakBillboard01.tif
  artifactKey: Guid(1883fac2a09401945b4d1b5f0c903f5e) Importer(815301076,1909f56bfc062723c751e8b465ee728b)
Start importing Assets/ALP_Assets/Big Oak Tree FREE/Models/Textures/BigOakBillboard01.tif using Guid(1883fac2a09401945b4d1b5f0c903f5e) Importer(815301076,1909f56bfc062723c751e8b465ee728b)  -> (artifact id: 'fdf576e490ecbc18b4e55f1f6a0e912d') in 0.033019 seconds
Number of updated asset objects reloaded before import = 0
Number of asset objects unloaded after import = 2
========================================================================
Received Import Request.
  Time since last request: 3.420070 seconds.
  path: Assets/Hipernt/Pine Pack/Textures/pine branch.png
  artifactKey: Guid(a361304e3b5ce3b4a9b9e1e3db8ff84f) Importer(815301076,1909f56bfc062723c751e8b465ee728b)
Start importing Assets/Hipernt/Pine Pack/Textures/pine branch.png using Guid(a361304e3b5ce3b4a9b9e1e3db8ff84f) Importer(815301076,1909f56bfc062723c751e8b465ee728b)  -> (artifact id: '4ac074d59cd58fc7d7622c088f9d0943') in 0.022473 seconds
Number of updated asset objects reloaded before import = 0
Number of asset objects unloaded after import = 2
========================================================================
Received Import Request.
  Time since last request: 0.000022 seconds.
  path: Assets/Hipernt/Pine Pack/Textures/plant05.png
  artifactKey: Guid(ac5cb009f82d7d846904797df32ebaf5) Importer(815301076,1909f56bfc062723c751e8b465ee728b)
Start importing Assets/Hipernt/Pine Pack/Textures/plant05.png using Guid(ac5cb009f82d7d846904797df32ebaf5) Importer(815301076,1909f56bfc062723c751e8b465ee728b)  -> (artifact id: '6c4a097ddbc70f7c45057239dde53d1d') in 0.017878 seconds
Number of updated asset objects reloaded before import = 0
Number of asset objects unloaded after import = 2
========================================================================
Received Import Request.
  Time since last request: 1.001171 seconds.
  path: Assets/Next_Spring/Tree_Bundle/Editor/Textures/UI/Ads/Rate_Asset.psd
  artifactKey: Guid(ba4f31d560495e140bc0c3f71c96b19d) Importer(815301076,1909f56bfc062723c751e8b465ee728b)
Start importing Assets/Next_Spring/Tree_Bundle/Editor/Textures/UI/Ads/Rate_Asset.psd using Guid(ba4f31d560495e140bc0c3f71c96b19d) Importer(815301076,1909f56bfc062723c751e8b465ee728b)  -> (artifact id: '698302869249069f00b05969c44c29f1') in 0.021333 seconds
Number of updated asset objects reloaded before import = 0
Number of asset objects unloaded after import = 3
========================================================================
Received Import Request.
  Time since last request: 0.000027 seconds.
  path: Assets/Next_Spring/Tree_Bundle/Textures/Realistic7/Trunk/Realistic7_Break.png
  artifactKey: Guid(5b651152f95be6f40bba27cd5c0d9e19) Importer(815301076,1909f56bfc062723c751e8b465ee728b)
Start importing Assets/Next_Spring/Tree_Bundle/Textures/Realistic7/Trunk/Realistic7_Break.png using Guid(5b651152f95be6f40bba27cd5c0d9e19) Importer(815301076,1909f56bfc062723c751e8b465ee728b)  -> (artifact id: 'ce42435509ccc4c62ba034145c3e6dec') in 0.022319 seconds
Number of updated asset objects reloaded before import = 0
Number of asset objects unloaded after import = 2
========================================================================
Received Import Request.
  Time since last request: 0.000025 seconds.
  path: Assets/Next_Spring/Tree_Bundle/Textures/Realistic7/Leaf/Realistic7_Leaf_2_filled.TGA
  artifactKey: Guid(d176e0b424fba884b99d0b61eb8a10b2) Importer(815301076,1909f56bfc062723c751e8b465ee728b)
Start importing Assets/Next_Spring/Tree_Bundle/Textures/Realistic7/Leaf/Realistic7_Leaf_2_filled.TGA using Guid(d176e0b424fba884b99d0b61eb8a10b2) Importer(815301076,1909f56bfc062723c751e8b465ee728b)  -> (artifact id: 'f81a2a2a743676842c8f178618a5cab5') in 0.022402 seconds
Number of updated asset objects reloaded before import = 0
Number of asset objects unloaded after import = 2
========================================================================
Received Import Request.
  Time since last request: 0.028245 seconds.
  path: Assets/Next_Spring/Tree_Bundle/Textures/Realistic7/Leaf/Realistic7_Leaf_filled_Fall.TGA
  artifactKey: Guid(93c4d82cbca49da459d72e28b8af711c) Importer(815301076,1909f56bfc062723c751e8b465ee728b)
Start importing Assets/Next_Spring/Tree_Bundle/Textures/Realistic7/Leaf/Realistic7_Leaf_filled_Fall.TGA using Guid(93c4d82cbca49da459d72e28b8af711c) Importer(815301076,1909f56bfc062723c751e8b465ee728b)  -> (artifact id: 'd8deff24a3252441bc749f4cf1642003') in 0.024907 seconds
Number of updated asset objects reloaded before import = 0
Number of asset objects unloaded after import = 2
========================================================================
Received Import Request.
  Time since last request: 0.000030 seconds.
  path: Assets/Next_Spring/Tree_Bundle/Textures/Realistic7/Leaf/Realistic7_Leaf_filled_Summer.TGA
  artifactKey: Guid(0b2766d37d8673a43a697a7487be78e7) Importer(815301076,1909f56bfc062723c751e8b465ee728b)
Start importing Assets/Next_Spring/Tree_Bundle/Textures/Realistic7/Leaf/Realistic7_Leaf_filled_Summer.TGA using Guid(0b2766d37d8673a43a697a7487be78e7) Importer(815301076,1909f56bfc062723c751e8b465ee728b)  -> (artifact id: '1f5eea9432d03e2ed8c0bb07ed29512e') in 0.021132 seconds
Number of updated asset objects reloaded before import = 0
Number of asset objects unloaded after import = 2
========================================================================
Received Import Request.
  Time since last request: 0.000030 seconds.
  path: Assets/Next_Spring/Tree_Bundle/Textures/Realistic7/Trunk/Realistic7_Trunk_NRM.png
  artifactKey: Guid(7974621c2a05b434ca6b9b225973878e) Importer(815301076,1909f56bfc062723c751e8b465ee728b)
Start importing Assets/Next_Spring/Tree_Bundle/Textures/Realistic7/Trunk/Realistic7_Trunk_NRM.png using Guid(7974621c2a05b434ca6b9b225973878e) Importer(815301076,1909f56bfc062723c751e8b465ee728b)  -> (artifact id: '15b98cd9af17681576c30b7420c924fb') in 0.023260 seconds
Number of updated asset objects reloaded before import = 0
Number of asset objects unloaded after import = 2
========================================================================
Received Import Request.
  Time since last request: 0.000033 seconds.
  path: Assets/Hipernt/Pine Pack/Textures/TileFloor.png
  artifactKey: Guid(3211d6763abc59248b21a909ae30a522) Importer(815301076,1909f56bfc062723c751e8b465ee728b)
Start importing Assets/Hipernt/Pine Pack/Textures/TileFloor.png using Guid(3211d6763abc59248b21a909ae30a522) Importer(815301076,1909f56bfc062723c751e8b465ee728b)  -> (artifact id: 'f54c764c8316167634c60348ce65747d') in 0.021946 seconds
Number of updated asset objects reloaded before import = 0
Number of asset objects unloaded after import = 2
Editor requested this worker to shutdown with reason: Scaling down because of idle timeout
TcpMessagingSession - receive error
AssetImportWorkerClient::OnTransportError - code=2 error=End of file
AssetImportWorker is now disconnected from the server
Process exiting
Exiting without the bug reporter. Application will terminate with return code 0