Using pre-set license
Built from '2022.3/staging' branch; Version is '2022.3.25f1 (530ae0ba3889) revision 5442272'; Using compiler version '192829333'; Build Type 'Release'
OS: 'Windows 11  (10.0.22621) 64bit Professional' Language: 'tr' Physical Memory: 16307 MB
BatchMode: 1, IsHumanControllingUs: 0, StartBugReporterOnCrash: 0, Is64bit: 1, IsPro: 1

COMMAND LINE ARGUMENTS:
D:\2022.3.25f1\Editor\Unity.exe
-adb2
-batchMode
-noUpm
-name
AssetImportWorker2
-projectPath
D:/reviveridev0.1/Revive-Ride/ReviveRide
-logFile
Logs/AssetImportWorker2.log
-srvPort
53835
Successfully changed project path to: D:/reviveridev0.1/Revive-Ride/ReviveRide
D:/reviveridev0.1/Revive-Ride/ReviveRide
[UnityMemory] Configuration Parameters - Can be set up in boot.config
    "memorysetup-bucket-allocator-granularity=16"
    "memorysetup-bucket-allocator-bucket-count=8"
    "memorysetup-bucket-allocator-block-size=33554432"
    "memorysetup-bucket-allocator-block-count=8"
    "memorysetup-main-allocator-block-size=16777216"
    "memorysetup-thread-allocator-block-size=16777216"
    "memorysetup-gfx-main-allocator-block-size=16777216"
    "memorysetup-gfx-thread-allocator-block-size=16777216"
    "memorysetup-cache-allocator-block-size=4194304"
    "memorysetup-typetree-allocator-block-size=2097152"
    "memorysetup-profiler-bucket-allocator-granularity=16"
    "memorysetup-profiler-bucket-allocator-bucket-count=8"
    "memorysetup-profiler-bucket-allocator-block-size=33554432"
    "memorysetup-profiler-bucket-allocator-block-count=8"
    "memorysetup-profiler-allocator-block-size=16777216"
    "memorysetup-profiler-editor-allocator-block-size=1048576"
    "memorysetup-temp-allocator-size-main=16777216"
    "memorysetup-job-temp-allocator-block-size=2097152"
    "memorysetup-job-temp-allocator-block-size-background=1048576"
    "memorysetup-job-temp-allocator-reduction-small-platforms=262144"
    "memorysetup-allocator-temp-initial-block-size-main=262144"
    "memorysetup-allocator-temp-initial-block-size-worker=262144"
    "memorysetup-temp-allocator-size-background-worker=32768"
    "memorysetup-temp-allocator-size-job-worker=262144"
    "memorysetup-temp-allocator-size-preload-manager=33554432"
    "memorysetup-temp-allocator-size-nav-mesh-worker=65536"
    "memorysetup-temp-allocator-size-audio-worker=65536"
    "memorysetup-temp-allocator-size-cloud-worker=32768"
    "memorysetup-temp-allocator-size-gi-baking-worker=262144"
    "memorysetup-temp-allocator-size-gfx=262144"
Player connection [18892] Host "[IP] 192.168.1.33 [Port] 0 [Flags] 2 [Guid] 2864164688 [EditorId] 2864164688 [Version] 1048832 [Id] WindowsEditor(7,VortexBey) [Debug] 1 [PackageName] WindowsEditor [ProjectName] Editor" joined multi-casting on [225.0.0.222:54997]...

Player connection [18892] Host "[IP] 192.168.1.33 [Port] 0 [Flags] 2 [Guid] 2864164688 [EditorId] 2864164688 [Version] 1048832 [Id] WindowsEditor(7,VortexBey) [Debug] 1 [PackageName] WindowsEditor [ProjectName] Editor" joined alternative multi-casting on [225.0.0.222:34997]...

[Physics::Module] Initialized MultithreadedJobDispatcher with 11 workers.
Refreshing native plugins compatible for Editor in 17.06 ms, found 3 plugins.
Preloading 0 native plugins for Editor in 0.00 ms.
Initialize engine version: 2022.3.25f1 (530ae0ba3889)
[Subsystems] Discovering subsystems at path D:/2022.3.25f1/Editor/Data/Resources/UnitySubsystems
[Subsystems] Discovering subsystems at path D:/reviveridev0.1/Revive-Ride/ReviveRide/Assets
GfxDevice: creating device client; threaded=0; jobified=0
Direct3D:
    Version:  Direct3D 11.0 [level 11.1]
    Renderer: NVIDIA GeForce RTX 3060 (ID=0x2487)
    Vendor:   NVIDIA
    VRAM:     12110 MB
    Driver:   31.0.15.5222
Initialize mono
Mono path[0] = 'D:/2022.3.25f1/Editor/Data/Managed'
Mono path[1] = 'D:/2022.3.25f1/Editor/Data/MonoBleedingEdge/lib/mono/unityjit-win32'
Mono config path = 'D:/2022.3.25f1/Editor/Data/MonoBleedingEdge/etc'
Using monoOptions --debugger-agent=transport=dt_socket,embedding=1,server=y,suspend=n,address=127.0.0.1:56564
Begin MonoManager ReloadAssembly
Registering precompiled unity dll's ...
Register platform support module: D:/2022.3.25f1/Editor/Data/PlaybackEngines/WebGLSupport/UnityEditor.WebGL.Extensions.dll
Register platform support module: D:/2022.3.25f1/Editor/Data/PlaybackEngines/WindowsStandaloneSupport/UnityEditor.WindowsStandalone.Extensions.dll
Registered in 0.009168 seconds.
- Loaded All Assemblies, in  0.764 seconds
Native extension for WindowsStandalone target not found
Native extension for WebGL target not found
Mono: successfully reloaded assembly
- Finished resetting the current domain, in  0.612 seconds
Domain Reload Profiling: 1376ms
	BeginReloadAssembly (244ms)
		ExecutionOrderSort (0ms)
		DisableScriptedObjects (0ms)
		BackupInstance (0ms)
		ReleaseScriptingObjects (0ms)
		CreateAndSetChildDomain (2ms)
	RebuildCommonClasses (81ms)
	RebuildNativeTypeToScriptingClass (26ms)
	initialDomainReloadingComplete (111ms)
	LoadAllAssembliesAndSetupDomain (301ms)
		LoadAssemblies (244ms)
		RebuildTransferFunctionScriptingTraits (0ms)
		AnalyzeDomain (296ms)
			TypeCache.Refresh (293ms)
				TypeCache.ScanAssembly (267ms)
			ScanForSourceGeneratedMonoScriptInfo (1ms)
			ResolveRequiredComponents (1ms)
	FinalizeReload (613ms)
		ReleaseScriptCaches (0ms)
		RebuildScriptCaches (0ms)
		SetupLoadedEditorAssemblies (486ms)
			LogAssemblyErrors (0ms)
			InitializePlatformSupportModulesInManaged (23ms)
			SetLoadedEditorAssemblies (12ms)
			RefreshPlugins (0ms)
			BeforeProcessingInitializeOnLoad (4ms)
			ProcessInitializeOnLoadAttributes (348ms)
			ProcessInitializeOnLoadMethodAttributes (99ms)
			AfterProcessingInitializeOnLoad (0ms)
			EditorAssembliesLoaded (0ms)
		ExecutionOrderSort2 (0ms)
		AwakeInstancesAfterBackupRestoration (0ms)
========================================================================
Worker process is ready to serve import requests
Begin MonoManager ReloadAssembly
- Loaded All Assemblies, in  1.061 seconds
Refreshing native plugins compatible for Editor in 4.84 ms, found 3 plugins.
Native extension for WindowsStandalone target not found
Native extension for WebGL target not found
Package Manager log level set to [2]
[Package Manager] Server::EnsureServerProcessIsRunning -- launch failed, reason: Unity was launched with the -noUpm command-line argument
[Package Manager] UpmClient::Send -- Unable to send message (not connected to UPM process).
[Package Manager] Cannot connect to Unity Package Manager local server
Mono: successfully reloaded assembly
- Finished resetting the current domain, in  1.215 seconds
Domain Reload Profiling: 2276ms
	BeginReloadAssembly (283ms)
		ExecutionOrderSort (0ms)
		DisableScriptedObjects (11ms)
		BackupInstance (0ms)
		ReleaseScriptingObjects (0ms)
		CreateAndSetChildDomain (32ms)
	RebuildCommonClasses (73ms)
	RebuildNativeTypeToScriptingClass (22ms)
	initialDomainReloadingComplete (70ms)
	LoadAllAssembliesAndSetupDomain (612ms)
		LoadAssemblies (480ms)
		RebuildTransferFunctionScriptingTraits (0ms)
		AnalyzeDomain (314ms)
			TypeCache.Refresh (277ms)
				TypeCache.ScanAssembly (256ms)
			ScanForSourceGeneratedMonoScriptInfo (25ms)
			ResolveRequiredComponents (10ms)
	FinalizeReload (1216ms)
		ReleaseScriptCaches (0ms)
		RebuildScriptCaches (0ms)
		SetupLoadedEditorAssemblies (940ms)
			LogAssemblyErrors (0ms)
			InitializePlatformSupportModulesInManaged (9ms)
			SetLoadedEditorAssemblies (8ms)
			RefreshPlugins (0ms)
			BeforeProcessingInitializeOnLoad (92ms)
			ProcessInitializeOnLoadAttributes (786ms)
			ProcessInitializeOnLoadMethodAttributes (40ms)
			AfterProcessingInitializeOnLoad (4ms)
			EditorAssembliesLoaded (0ms)
		ExecutionOrderSort2 (0ms)
		AwakeInstancesAfterBackupRestoration (11ms)
Launched and connected shader compiler UnityShaderCompiler.exe after 0.16 seconds
Refreshing native plugins compatible for Editor in 4.46 ms, found 3 plugins.
Preloading 0 native plugins for Editor in 0.00 ms.
Unloading 3093 Unused Serialized files (Serialized files now loaded: 0)
Unloading 32 unused Assets / (57.6 KB). Loaded Objects now: 3571.
Memory consumption went from 131.0 MB to 130.9 MB.
Total: 4.806600 ms (FindLiveObjects: 0.377600 ms CreateObjectMapping: 0.110300 ms MarkObjects: 4.169100 ms  DeleteObjects: 0.147000 ms)

AssetImportParameters requested are different than current active one (requested -> active):
  custom:container-demuxer-ogg: 62fdf1f143b41e24485cea50d1cbac27 -> 
  custom:video-decoder-ogg-theora: a1e56fd34408186e4bbccfd4996cb3dc -> 
  custom:framework-win-MediaFoundation: 216162199b28c13a410421893ffa2e32 -> 
  custom:CustomObjectIndexerAttribute: 9a22284fe3817be447336de3de66b15e -> 
  custom:container-demuxer-webm: 4f35f7cbe854078d1ac9338744f61a02 -> 
  custom:container-muxer-webm: aa71ff27fc2769a1b78a27578f13a17b -> 
  custom:video-decoder-webm-vp8: 9c59270c3fd7afecdb556c50c9e8de78 -> 
  custom:SearchIndexIgnoredProperties: e643bd26f0fe6173181afceb89e7c659 -> 
  custom:AudioImporter_EditorPlatform: d09bf68614088b80899f8185d706f6e7 -> 
  custom:video-encoder-webm-vp8: eb34c28f22e8b96e1ab97ce403110664 -> 
  custom:audio-decoder-ogg-vorbis: bf7c407c2cedff20999df2af8eb42d56 -> 
  custom:audio-encoder-webm-vorbis: bf7c407c2cedff20999df2af8eb42d56 -> 
========================================================================
Received Import Request.
  Time since last request: 185447.024625 seconds.
  path: Assets/ALP_Assets/Realistic Terrain Textures FREE/Scenes
  artifactKey: Guid(b61f3299d7cab774a9a5124b69f7ef50) Importer(815301076,1909f56bfc062723c751e8b465ee728b)
Start importing Assets/ALP_Assets/Realistic Terrain Textures FREE/Scenes using Guid(b61f3299d7cab774a9a5124b69f7ef50) Importer(815301076,1909f56bfc062723c751e8b465ee728b)  -> (artifact id: '84e1253ac5778f6592aa6a398044a977') in 0.003202 seconds
Number of updated asset objects reloaded before import = 0
Number of asset objects unloaded after import = 0
========================================================================
Received Import Request.
  Time since last request: 1.660627 seconds.
  path: Assets/ALP_Assets/Realistic Terrain Textures FREE/Terrain Layers
  artifactKey: Guid(a2f39bf844a52a143ae6780442dce602) Importer(815301076,1909f56bfc062723c751e8b465ee728b)
Start importing Assets/ALP_Assets/Realistic Terrain Textures FREE/Terrain Layers using Guid(a2f39bf844a52a143ae6780442dce602) Importer(815301076,1909f56bfc062723c751e8b465ee728b)  -> (artifact id: 'a396748fe43f9c94779d6f8533871e96') in 0.000574 seconds
Number of updated asset objects reloaded before import = 0
Number of asset objects unloaded after import = 0
========================================================================
Received Import Request.
  Time since last request: 0.047354 seconds.
  path: Assets/ALP_Assets/Realistic Terrain Textures FREE/Terrain Layers/Ground001.terrainlayer
  artifactKey: Guid(0b165159803f41c49a222b9c17279b72) Importer(815301076,1909f56bfc062723c751e8b465ee728b)
Start importing Assets/ALP_Assets/Realistic Terrain Textures FREE/Terrain Layers/Ground001.terrainlayer using Guid(0b165159803f41c49a222b9c17279b72) Importer(815301076,1909f56bfc062723c751e8b465ee728b)  -> (artifact id: 'ce44df7765c4d174fe1017ba60847b29') in 0.472523 seconds
Number of updated asset objects reloaded before import = 0
Number of asset objects unloaded after import = 5
========================================================================
Received Import Request.
  Time since last request: 1.744319 seconds.
  path: Assets/ALP_Assets/Realistic Terrain Textures FREE/Textures/Ground005.tif
  artifactKey: Guid(58292f517ca2b2448beb5c13a11452ed) Importer(815301076,1909f56bfc062723c751e8b465ee728b)
Start importing Assets/ALP_Assets/Realistic Terrain Textures FREE/Textures/Ground005.tif using Guid(58292f517ca2b2448beb5c13a11452ed) Importer(815301076,1909f56bfc062723c751e8b465ee728b)  -> (artifact id: 'c2e449a0dc36cef32690f34c621f922c') in 0.085392 seconds
Number of updated asset objects reloaded before import = 0
Number of asset objects unloaded after import = 2
========================================================================
Received Import Request.
  Time since last request: 1.751881 seconds.
  path: Assets/ALP_Assets/Realistic Terrain Textures FREE/Textures/GroundPatchCracked01.tif
  artifactKey: Guid(48e7b7fead1e7c94298c74f5dd80c7e3) Importer(815301076,1909f56bfc062723c751e8b465ee728b)
Start importing Assets/ALP_Assets/Realistic Terrain Textures FREE/Textures/GroundPatchCracked01.tif using Guid(48e7b7fead1e7c94298c74f5dd80c7e3) Importer(815301076,1909f56bfc062723c751e8b465ee728b)  -> (artifact id: '7d146b0826322648de6c6d913b5c4587') in 0.021437 seconds
Number of updated asset objects reloaded before import = 0
Number of asset objects unloaded after import = 2
========================================================================
Received Import Request.
  Time since last request: 0.482893 seconds.
  path: Assets/ALP_Assets/Realistic Terrain Textures FREE/Textures/Ground004.tif
  artifactKey: Guid(a6b5692faa961fb408f8a29bba370a81) Importer(815301076,1909f56bfc062723c751e8b465ee728b)
Start importing Assets/ALP_Assets/Realistic Terrain Textures FREE/Textures/Ground004.tif using Guid(a6b5692faa961fb408f8a29bba370a81) Importer(815301076,1909f56bfc062723c751e8b465ee728b)  -> (artifact id: '731639f0e3494c77176920c906ffaf60') in 0.047563 seconds
Number of updated asset objects reloaded before import = 0
Number of asset objects unloaded after import = 2
========================================================================
Received Import Request.
  Time since last request: 0.000034 seconds.
  path: Assets/ALP_Assets/Realistic Terrain Textures FREE/Textures/Ground004_mask.png
  artifactKey: Guid(166684299bcc8d64480a41d829d8d3ef) Importer(815301076,1909f56bfc062723c751e8b465ee728b)
Start importing Assets/ALP_Assets/Realistic Terrain Textures FREE/Textures/Ground004_mask.png using Guid(166684299bcc8d64480a41d829d8d3ef) Importer(815301076,1909f56bfc062723c751e8b465ee728b)  -> (artifact id: '3f3e247b4d7e9bb34036ab540db50074') in 0.021798 seconds
Number of updated asset objects reloaded before import = 0
Number of asset objects unloaded after import = 2
========================================================================
Received Import Request.
  Time since last request: 8.573265 seconds.
  path: Assets/ALP_Assets/Realistic Terrain Textures FREE/Textures
  artifactKey: Guid(98ed3628c7af5ac4cbf1cd44fa177c23) Importer(815301076,1909f56bfc062723c751e8b465ee728b)
Start importing Assets/ALP_Assets/Realistic Terrain Textures FREE/Textures using Guid(98ed3628c7af5ac4cbf1cd44fa177c23) Importer(815301076,1909f56bfc062723c751e8b465ee728b)  -> (artifact id: '8720538cbf40e3f2e9e3a7b2bb98ef76') in 0.000661 seconds
Number of updated asset objects reloaded before import = 0
Number of asset objects unloaded after import = 0
========================================================================
Received Import Request.
  Time since last request: 0.076734 seconds.
  path: Assets/ALP_Assets/Realistic Terrain Textures FREE/Textures/Ground001.tif
  artifactKey: Guid(e6b40e3095a894045935367e20af21c1) Importer(815301076,1909f56bfc062723c751e8b465ee728b)
Start importing Assets/ALP_Assets/Realistic Terrain Textures FREE/Textures/Ground001.tif using Guid(e6b40e3095a894045935367e20af21c1) Importer(815301076,1909f56bfc062723c751e8b465ee728b)  -> (artifact id: '41d9f990eff9329ad8b01681473db808') in 0.113775 seconds
Number of updated asset objects reloaded before import = 0
Number of asset objects unloaded after import = 2
========================================================================
Received Import Request.
  Time since last request: 0.000036 seconds.
  path: Assets/ALP_Assets/Realistic Terrain Textures FREE/Textures/GroundPatchCracked01_S.png
  artifactKey: Guid(e474224924ebd2a4f8b861bd80284e5a) Importer(815301076,1909f56bfc062723c751e8b465ee728b)
Start importing Assets/ALP_Assets/Realistic Terrain Textures FREE/Textures/GroundPatchCracked01_S.png using Guid(e474224924ebd2a4f8b861bd80284e5a) Importer(815301076,1909f56bfc062723c751e8b465ee728b)  -> (artifact id: '20c783dbc00a4e34668d75df21023557') in 0.029591 seconds
Number of updated asset objects reloaded before import = 0
Number of asset objects unloaded after import = 2
========================================================================
Received Import Request.
  Time since last request: 0.000041 seconds.
  path: Assets/ALP_Assets/Realistic Terrain Textures FREE/Textures/Ground005_mask.png
  artifactKey: Guid(94a79c6aaae13134d9611a36dce7353e) Importer(815301076,1909f56bfc062723c751e8b465ee728b)
Start importing Assets/ALP_Assets/Realistic Terrain Textures FREE/Textures/Ground005_mask.png using Guid(94a79c6aaae13134d9611a36dce7353e) Importer(815301076,1909f56bfc062723c751e8b465ee728b)  -> (artifact id: '45d63631ea0b3f6d44167907f856219e') in 0.035591 seconds
Number of updated asset objects reloaded before import = 0
Number of asset objects unloaded after import = 2
========================================================================
Received Import Request.
  Time since last request: 0.000026 seconds.
  path: Assets/ALP_Assets/Realistic Terrain Textures FREE/Textures/Ground002_S.png
  artifactKey: Guid(4028446d0fe06ab47ad33418290c39c9) Importer(815301076,1909f56bfc062723c751e8b465ee728b)
Start importing Assets/ALP_Assets/Realistic Terrain Textures FREE/Textures/Ground002_S.png using Guid(4028446d0fe06ab47ad33418290c39c9) Importer(815301076,1909f56bfc062723c751e8b465ee728b)  -> (artifact id: '66b83e1fd44893d07868c569f8c19851') in 0.023769 seconds
Number of updated asset objects reloaded before import = 0
Number of asset objects unloaded after import = 2
========================================================================
Received Import Request.
  Time since last request: 0.000025 seconds.
  path: Assets/ALP_Assets/Realistic Terrain Textures FREE/Textures/Ground001_N.png
  artifactKey: Guid(a4de478484341ea469a6ebbbaf03de1b) Importer(815301076,1909f56bfc062723c751e8b465ee728b)
Start importing Assets/ALP_Assets/Realistic Terrain Textures FREE/Textures/Ground001_N.png using Guid(a4de478484341ea469a6ebbbaf03de1b) Importer(815301076,1909f56bfc062723c751e8b465ee728b)  -> (artifact id: 'b8348f5fdcb950b766f998e4365d1006') in 0.128456 seconds
Number of updated asset objects reloaded before import = 0
Number of asset objects unloaded after import = 2
========================================================================
Received Import Request.
  Time since last request: 0.000039 seconds.
  path: Assets/ALP_Assets/Realistic Terrain Textures FREE/Textures/Ground001_mask.png
  artifactKey: Guid(d31ec970a37919a49af64e263b156a5f) Importer(815301076,1909f56bfc062723c751e8b465ee728b)
Start importing Assets/ALP_Assets/Realistic Terrain Textures FREE/Textures/Ground001_mask.png using Guid(d31ec970a37919a49af64e263b156a5f) Importer(815301076,1909f56bfc062723c751e8b465ee728b)  -> (artifact id: '9eac18a768932205b01058bf3ff8c606') in 0.046478 seconds
Number of updated asset objects reloaded before import = 0
Number of asset objects unloaded after import = 2
========================================================================
Received Import Request.
  Time since last request: 52.514030 seconds.
  path: Packages/com.unity.testtools.codecoverage/package.json
  artifactKey: Guid(ba7d60725b0ec604698819352642be89) Importer(815301076,1909f56bfc062723c751e8b465ee728b)
Start importing Packages/com.unity.testtools.codecoverage/package.json using Guid(ba7d60725b0ec604698819352642be89) Importer(815301076,1909f56bfc062723c751e8b465ee728b)  -> (artifact id: '312a15105b5b1a672fbbc01e4b0c349f') in 0.001342 seconds
Number of updated asset objects reloaded before import = 0
Number of asset objects unloaded after import = 1
========================================================================
Received Import Request.
  Time since last request: 91.135351 seconds.
  path: Assets/Scenes/TCom_Ground_Grass02_header.jpg
  artifactKey: Guid(5d086e9c8d02ae24996c7d5fc1af794d) Importer(815301076,1909f56bfc062723c751e8b465ee728b)
Start importing Assets/Scenes/TCom_Ground_Grass02_header.jpg using Guid(5d086e9c8d02ae24996c7d5fc1af794d) Importer(815301076,1909f56bfc062723c751e8b465ee728b)  -> (artifact id: '4b9bdacd814e3745ed31f7b0a21b26e9') in 0.024016 seconds
Number of updated asset objects reloaded before import = 0
Number of asset objects unloaded after import = 2
========================================================================
Received Import Request.
  Time since last request: 1.606816 seconds.
  path: Assets/Scenes
  artifactKey: Guid(65628f4be088a9b43bb1e0e427c5a037) Importer(815301076,1909f56bfc062723c751e8b465ee728b)
Start importing Assets/Scenes using Guid(65628f4be088a9b43bb1e0e427c5a037) Importer(815301076,1909f56bfc062723c751e8b465ee728b)  -> (artifact id: '62f105e9e1080558427ca8a73de91d6a') in 0.000828 seconds
Number of updated asset objects reloaded before import = 0
Number of asset objects unloaded after import = 0
========================================================================
Received Import Request.
  Time since last request: 7.699657 seconds.
  path: Assets/Scenes/Materyaller
  artifactKey: Guid(fce3f7a4384e56e409bbfe20e21c6939) Importer(815301076,1909f56bfc062723c751e8b465ee728b)
Start importing Assets/Scenes/Materyaller using Guid(fce3f7a4384e56e409bbfe20e21c6939) Importer(815301076,1909f56bfc062723c751e8b465ee728b)  -> (artifact id: 'ec93dc6f8dfe13766f4d7eb3e662d0a7') in 0.000536 seconds
Number of updated asset objects reloaded before import = 0
Number of asset objects unloaded after import = 0
========================================================================
Received Import Request.
  Time since last request: 7.148278 seconds.
  path: Assets/Scenes/Materyaller/Ã‡im.mat
  artifactKey: Guid(234839672a3ce7749be5dfb96610d930) Importer(815301076,1909f56bfc062723c751e8b465ee728b)
Start importing Assets/Scenes/Materyaller/Ã‡im.mat using Guid(234839672a3ce7749be5dfb96610d930) Importer(815301076,1909f56bfc062723c751e8b465ee728b)  -> (artifact id: '35b45d059c3f41034a5b699772dbb27a') in 0.232890 seconds
Number of updated asset objects reloaded before import = 0
Number of asset objects unloaded after import = 1
========================================================================
Received Import Request.
  Time since last request: 255.488667 seconds.
  path: Assets/Scenes/Materyaller/TCom_Sand_Muddy2_2x2_2K_albedo.tif
  artifactKey: Guid(74542ea11a3b37f46939ce59c77be187) Importer(815301076,1909f56bfc062723c751e8b465ee728b)
Start importing Assets/Scenes/Materyaller/TCom_Sand_Muddy2_2x2_2K_albedo.tif using Guid(74542ea11a3b37f46939ce59c77be187) Importer(815301076,1909f56bfc062723c751e8b465ee728b)  -> (artifact id: '98e8c0359e3774b3ab5afc3dc8202ca3') in 0.034459 seconds
Number of updated asset objects reloaded before import = 0
Number of asset objects unloaded after import = 2
========================================================================
Received Import Request.
  Time since last request: 0.000632 seconds.
  path: Assets/Scenes/Materyaller/TCom_Sand_Muddy2_2x2_2K_normal.tif
  artifactKey: Guid(b42f36c120a1acd4992af2b3e59b9718) Importer(815301076,1909f56bfc062723c751e8b465ee728b)
Start importing Assets/Scenes/Materyaller/TCom_Sand_Muddy2_2x2_2K_normal.tif using Guid(b42f36c120a1acd4992af2b3e59b9718) Importer(815301076,1909f56bfc062723c751e8b465ee728b)  -> (artifact id: '4aa4643d6da9d70a9ad857e8423075c1') in 0.023474 seconds
Number of updated asset objects reloaded before import = 0
Number of asset objects unloaded after import = 2
Editor requested this worker to shutdown with reason: Scaling down because of idle timeout
TcpMessagingSession - receive error: operation aborted. errorcode: 995, details: Bir iþ parçacýðý çýkýþý veya bir uygulama isteði nedeniyle G/Ç iþlemi iptal edildi.
AssetImportWorker is now disconnected from the server
Process exiting
Exiting without the bug reporter. Application will terminate with return code 0