Using pre-set license
Built from '2022.3/staging' branch; Version is '2022.3.25f1 (530ae0ba3889) revision 5442272'; Using compiler version '192829333'; Build Type 'Release'
OS: 'Windows 11  (10.0.22621) 64bit Professional' Language: 'tr' Physical Memory: 16307 MB
BatchMode: 1, IsHumanControllingUs: 0, StartBugReporterOnCrash: 0, Is64bit: 1, IsPro: 1

COMMAND LINE ARGUMENTS:
D:\2022.3.25f1\Editor\Unity.exe
-adb2
-batchMode
-noUpm
-name
AssetImportWorker0
-projectPath
D:/reviveridev0.1/Revive-Ride/ReviveRide
-logFile
Logs/AssetImportWorker0.log
-srvPort
53835
Successfully changed project path to: D:/reviveridev0.1/Revive-Ride/ReviveRide
D:/reviveridev0.1/Revive-Ride/ReviveRide
[UnityMemory] Configuration Parameters - Can be set up in boot.config
    "memorysetup-bucket-allocator-granularity=16"
    "memorysetup-bucket-allocator-bucket-count=8"
    "memorysetup-bucket-allocator-block-size=33554432"
    "memorysetup-bucket-allocator-block-count=8"
    "memorysetup-main-allocator-block-size=16777216"
    "memorysetup-thread-allocator-block-size=16777216"
    "memorysetup-gfx-main-allocator-block-size=16777216"
    "memorysetup-gfx-thread-allocator-block-size=16777216"
    "memorysetup-cache-allocator-block-size=4194304"
    "memorysetup-typetree-allocator-block-size=2097152"
    "memorysetup-profiler-bucket-allocator-granularity=16"
    "memorysetup-profiler-bucket-allocator-bucket-count=8"
    "memorysetup-profiler-bucket-allocator-block-size=33554432"
    "memorysetup-profiler-bucket-allocator-block-count=8"
    "memorysetup-profiler-allocator-block-size=16777216"
    "memorysetup-profiler-editor-allocator-block-size=1048576"
    "memorysetup-temp-allocator-size-main=16777216"
    "memorysetup-job-temp-allocator-block-size=2097152"
    "memorysetup-job-temp-allocator-block-size-background=1048576"
    "memorysetup-job-temp-allocator-reduction-small-platforms=262144"
    "memorysetup-allocator-temp-initial-block-size-main=262144"
    "memorysetup-allocator-temp-initial-block-size-worker=262144"
    "memorysetup-temp-allocator-size-background-worker=32768"
    "memorysetup-temp-allocator-size-job-worker=262144"
    "memorysetup-temp-allocator-size-preload-manager=33554432"
    "memorysetup-temp-allocator-size-nav-mesh-worker=65536"
    "memorysetup-temp-allocator-size-audio-worker=65536"
    "memorysetup-temp-allocator-size-cloud-worker=32768"
    "memorysetup-temp-allocator-size-gi-baking-worker=262144"
    "memorysetup-temp-allocator-size-gfx=262144"
Player connection [14888] Host "[IP] 192.168.1.33 [Port] 0 [Flags] 2 [Guid] 3757497720 [EditorId] 3757497720 [Version] 1048832 [Id] WindowsEditor(7,VortexBey) [Debug] 1 [PackageName] WindowsEditor [ProjectName] Editor" joined multi-casting on [225.0.0.222:54997]...

Player connection [14888] Host "[IP] 192.168.1.33 [Port] 0 [Flags] 2 [Guid] 3757497720 [EditorId] 3757497720 [Version] 1048832 [Id] WindowsEditor(7,VortexBey) [Debug] 1 [PackageName] WindowsEditor [ProjectName] Editor" joined alternative multi-casting on [225.0.0.222:34997]...

[Physics::Module] Initialized MultithreadedJobDispatcher with 11 workers.
Refreshing native plugins compatible for Editor in 16.01 ms, found 3 plugins.
Preloading 0 native plugins for Editor in 0.00 ms.
Initialize engine version: 2022.3.25f1 (530ae0ba3889)
[Subsystems] Discovering subsystems at path D:/2022.3.25f1/Editor/Data/Resources/UnitySubsystems
[Subsystems] Discovering subsystems at path D:/reviveridev0.1/Revive-Ride/ReviveRide/Assets
GfxDevice: creating device client; threaded=0; jobified=0
Direct3D:
    Version:  Direct3D 11.0 [level 11.1]
    Renderer: NVIDIA GeForce RTX 3060 (ID=0x2487)
    Vendor:   NVIDIA
    VRAM:     12110 MB
    Driver:   31.0.15.5222
Initialize mono
Mono path[0] = 'D:/2022.3.25f1/Editor/Data/Managed'
Mono path[1] = 'D:/2022.3.25f1/Editor/Data/MonoBleedingEdge/lib/mono/unityjit-win32'
Mono config path = 'D:/2022.3.25f1/Editor/Data/MonoBleedingEdge/etc'
Using monoOptions --debugger-agent=transport=dt_socket,embedding=1,server=y,suspend=n,address=127.0.0.1:56180
Begin MonoManager ReloadAssembly
Registering precompiled unity dll's ...
Register platform support module: D:/2022.3.25f1/Editor/Data/PlaybackEngines/WebGLSupport/UnityEditor.WebGL.Extensions.dll
Register platform support module: D:/2022.3.25f1/Editor/Data/PlaybackEngines/WindowsStandaloneSupport/UnityEditor.WindowsStandalone.Extensions.dll
Registered in 0.011055 seconds.
- Loaded All Assemblies, in  0.833 seconds
Native extension for WindowsStandalone target not found
Native extension for WebGL target not found
Mono: successfully reloaded assembly
- Finished resetting the current domain, in  0.589 seconds
Domain Reload Profiling: 1421ms
	BeginReloadAssembly (266ms)
		ExecutionOrderSort (0ms)
		DisableScriptedObjects (0ms)
		BackupInstance (0ms)
		ReleaseScriptingObjects (0ms)
		CreateAndSetChildDomain (1ms)
	RebuildCommonClasses (89ms)
	RebuildNativeTypeToScriptingClass (30ms)
	initialDomainReloadingComplete (113ms)
	LoadAllAssembliesAndSetupDomain (334ms)
		LoadAssemblies (267ms)
		RebuildTransferFunctionScriptingTraits (0ms)
		AnalyzeDomain (328ms)
			TypeCache.Refresh (325ms)
				TypeCache.ScanAssembly (297ms)
			ScanForSourceGeneratedMonoScriptInfo (1ms)
			ResolveRequiredComponents (1ms)
	FinalizeReload (589ms)
		ReleaseScriptCaches (0ms)
		RebuildScriptCaches (0ms)
		SetupLoadedEditorAssemblies (460ms)
			LogAssemblyErrors (0ms)
			InitializePlatformSupportModulesInManaged (16ms)
			SetLoadedEditorAssemblies (12ms)
			RefreshPlugins (0ms)
			BeforeProcessingInitializeOnLoad (4ms)
			ProcessInitializeOnLoadAttributes (328ms)
			ProcessInitializeOnLoadMethodAttributes (101ms)
			AfterProcessingInitializeOnLoad (0ms)
			EditorAssembliesLoaded (0ms)
		ExecutionOrderSort2 (0ms)
		AwakeInstancesAfterBackupRestoration (0ms)
========================================================================
Worker process is ready to serve import requests
Begin MonoManager ReloadAssembly
- Loaded All Assemblies, in  1.226 seconds
Refreshing native plugins compatible for Editor in 5.80 ms, found 3 plugins.
Native extension for WindowsStandalone target not found
Native extension for WebGL target not found
Package Manager log level set to [2]
[Package Manager] Server::EnsureServerProcessIsRunning -- launch failed, reason: Unity was launched with the -noUpm command-line argument
[Package Manager] UpmClient::Send -- Unable to send message (not connected to UPM process).
[Package Manager] Cannot connect to Unity Package Manager local server
Mono: successfully reloaded assembly
- Finished resetting the current domain, in  1.571 seconds
Domain Reload Profiling: 2797ms
	BeginReloadAssembly (321ms)
		ExecutionOrderSort (0ms)
		DisableScriptedObjects (12ms)
		BackupInstance (0ms)
		ReleaseScriptingObjects (0ms)
		CreateAndSetChildDomain (37ms)
	RebuildCommonClasses (71ms)
	RebuildNativeTypeToScriptingClass (21ms)
	initialDomainReloadingComplete (70ms)
	LoadAllAssembliesAndSetupDomain (742ms)
		LoadAssemblies (547ms)
		RebuildTransferFunctionScriptingTraits (0ms)
		AnalyzeDomain (381ms)
			TypeCache.Refresh (335ms)
				TypeCache.ScanAssembly (307ms)
			ScanForSourceGeneratedMonoScriptInfo (30ms)
			ResolveRequiredComponents (12ms)
	FinalizeReload (1572ms)
		ReleaseScriptCaches (0ms)
		RebuildScriptCaches (0ms)
		SetupLoadedEditorAssemblies (1233ms)
			LogAssemblyErrors (0ms)
			InitializePlatformSupportModulesInManaged (12ms)
			SetLoadedEditorAssemblies (8ms)
			RefreshPlugins (0ms)
			BeforeProcessingInitializeOnLoad (110ms)
			ProcessInitializeOnLoadAttributes (1046ms)
			ProcessInitializeOnLoadMethodAttributes (52ms)
			AfterProcessingInitializeOnLoad (4ms)
			EditorAssembliesLoaded (0ms)
		ExecutionOrderSort2 (0ms)
		AwakeInstancesAfterBackupRestoration (14ms)
Launched and connected shader compiler UnityShaderCompiler.exe after 0.12 seconds
Refreshing native plugins compatible for Editor in 7.80 ms, found 3 plugins.
Preloading 0 native plugins for Editor in 0.00 ms.
Unloading 3093 Unused Serialized files (Serialized files now loaded: 0)
Unloading 32 unused Assets / (57.6 KB). Loaded Objects now: 3568.
Memory consumption went from 131.0 MB to 130.9 MB.
Total: 7.037400 ms (FindLiveObjects: 0.786200 ms CreateObjectMapping: 0.252300 ms MarkObjects: 5.794400 ms  DeleteObjects: 0.202500 ms)

AssetImportParameters requested are different than current active one (requested -> active):
  custom:container-demuxer-ogg: 62fdf1f143b41e24485cea50d1cbac27 -> 
  custom:video-decoder-ogg-theora: a1e56fd34408186e4bbccfd4996cb3dc -> 
  custom:framework-win-MediaFoundation: 216162199b28c13a410421893ffa2e32 -> 
  custom:CustomObjectIndexerAttribute: 9a22284fe3817be447336de3de66b15e -> 
  custom:container-demuxer-webm: 4f35f7cbe854078d1ac9338744f61a02 -> 
  custom:container-muxer-webm: aa71ff27fc2769a1b78a27578f13a17b -> 
  custom:video-decoder-webm-vp8: 9c59270c3fd7afecdb556c50c9e8de78 -> 
  custom:SearchIndexIgnoredProperties: e643bd26f0fe6173181afceb89e7c659 -> 
  custom:AudioImporter_EditorPlatform: d09bf68614088b80899f8185d706f6e7 -> 
  custom:video-encoder-webm-vp8: eb34c28f22e8b96e1ab97ce403110664 -> 
  custom:audio-decoder-ogg-vorbis: bf7c407c2cedff20999df2af8eb42d56 -> 
  custom:audio-encoder-webm-vorbis: bf7c407c2cedff20999df2af8eb42d56 -> 
========================================================================
Received Import Request.
  Time since last request: 184764.877288 seconds.
  path: Assets/New Terrain 1.asset
  artifactKey: Guid(34319dbf79b9da64994ce3fde2958db2) Importer(815301076,1909f56bfc062723c751e8b465ee728b)
Start importing Assets/New Terrain 1.asset using Guid(34319dbf79b9da64994ce3fde2958db2) Importer(815301076,1909f56bfc062723c751e8b465ee728b)  -> (artifact id: 'bac0ef79164291e4894c8fcc2a2d25ca') in 0.049738 seconds
Number of updated asset objects reloaded before import = 0
Number of asset objects unloaded after import = 1
========================================================================
Received Import Request.
  Time since last request: 474.044290 seconds.
  path: Assets/New Terrain 1.asset
  artifactKey: Guid(34319dbf79b9da64994ce3fde2958db2) Importer(815301076,1909f56bfc062723c751e8b465ee728b)
Start importing Assets/New Terrain 1.asset using Guid(34319dbf79b9da64994ce3fde2958db2) Importer(815301076,1909f56bfc062723c751e8b465ee728b)  -> (artifact id: '150e5c0b12419793962fb36879121e2c') in 0.009079 seconds
Number of updated asset objects reloaded before import = 0
Number of asset objects unloaded after import = 1
========================================================================
Received Import Request.
  Time since last request: 69.656050 seconds.
  path: Assets/ALP_Assets
  artifactKey: Guid(fff0c72bb568a7849ba37749c9ea368f) Importer(815301076,1909f56bfc062723c751e8b465ee728b)
Start importing Assets/ALP_Assets using Guid(fff0c72bb568a7849ba37749c9ea368f) Importer(815301076,1909f56bfc062723c751e8b465ee728b)  -> (artifact id: 'f457ff9ee1635a68be0cabf7be73967f') in 0.000856 seconds
Number of updated asset objects reloaded before import = 0
Number of asset objects unloaded after import = 0
========================================================================
Received Import Request.
  Time since last request: 0.459148 seconds.
  path: Assets/ALP_Assets/Realistic Terrain Textures FREE
  artifactKey: Guid(4adc46c8835ab664bbff60dd497b9607) Importer(815301076,1909f56bfc062723c751e8b465ee728b)
Start importing Assets/ALP_Assets/Realistic Terrain Textures FREE using Guid(4adc46c8835ab664bbff60dd497b9607) Importer(815301076,1909f56bfc062723c751e8b465ee728b)  -> (artifact id: '3d07cc61410984988a782dc147fa6928') in 0.000571 seconds
Number of updated asset objects reloaded before import = 0
Number of asset objects unloaded after import = 0
========================================================================
Received Import Request.
  Time since last request: 0.802810 seconds.
  path: Assets/ALP_Assets/Realistic Terrain Textures FREE/Materials
  artifactKey: Guid(85ef7ee6cb0cf2e43aacddf89f5b1c06) Importer(815301076,1909f56bfc062723c751e8b465ee728b)
Start importing Assets/ALP_Assets/Realistic Terrain Textures FREE/Materials using Guid(85ef7ee6cb0cf2e43aacddf89f5b1c06) Importer(815301076,1909f56bfc062723c751e8b465ee728b)  -> (artifact id: 'eb27eb0d338f26fa2b28a97a8da57ce7') in 0.000570 seconds
Number of updated asset objects reloaded before import = 0
Number of asset objects unloaded after import = 0
========================================================================
Received Import Request.
  Time since last request: 0.070079 seconds.
  path: Assets/ALP_Assets/Realistic Terrain Textures FREE/Materials/Ground001.mat
  artifactKey: Guid(41fc8ea79d6bc7e4aaa461990905a56c) Importer(815301076,1909f56bfc062723c751e8b465ee728b)
Start importing Assets/ALP_Assets/Realistic Terrain Textures FREE/Materials/Ground001.mat using Guid(41fc8ea79d6bc7e4aaa461990905a56c) Importer(815301076,1909f56bfc062723c751e8b465ee728b)  -> (artifact id: '5f74e5a56ee044cdcddf483ecd793e04') in 0.944269 seconds
Number of updated asset objects reloaded before import = 0
Number of asset objects unloaded after import = 5
========================================================================
Received Import Request.
  Time since last request: 0.000048 seconds.
  path: Assets/ALP_Assets/Realistic Terrain Textures FREE/Materials/Ground004.mat
  artifactKey: Guid(f9293063ac64c474fb7b41e948349da4) Importer(815301076,1909f56bfc062723c751e8b465ee728b)
Start importing Assets/ALP_Assets/Realistic Terrain Textures FREE/Materials/Ground004.mat using Guid(f9293063ac64c474fb7b41e948349da4) Importer(815301076,1909f56bfc062723c751e8b465ee728b)  -> (artifact id: 'a62045ec5b70e385743e16c81d9d785e') in 0.532070 seconds
Number of updated asset objects reloaded before import = 0
Number of asset objects unloaded after import = 6
========================================================================
Received Import Request.
  Time since last request: 0.000037 seconds.
  path: Assets/ALP_Assets/Realistic Terrain Textures FREE/Materials/Ground006.mat
  artifactKey: Guid(ff6e9fb60b0efcf46a92adb12aa69811) Importer(815301076,1909f56bfc062723c751e8b465ee728b)
Start importing Assets/ALP_Assets/Realistic Terrain Textures FREE/Materials/Ground006.mat using Guid(ff6e9fb60b0efcf46a92adb12aa69811) Importer(815301076,1909f56bfc062723c751e8b465ee728b)  -> (artifact id: 'a89c963523dac800f8bbfaf6a8e4145d') in 0.484266 seconds
Number of updated asset objects reloaded before import = 0
Number of asset objects unloaded after import = 6
========================================================================
Received Import Request.
  Time since last request: 0.000044 seconds.
  path: Assets/ALP_Assets/Realistic Terrain Textures FREE/Materials/Terrain_Standart.mat
  artifactKey: Guid(5fc7743a543b33d4fa6aa6beb8a14742) Importer(815301076,1909f56bfc062723c751e8b465ee728b)
Start importing Assets/ALP_Assets/Realistic Terrain Textures FREE/Materials/Terrain_Standart.mat using Guid(5fc7743a543b33d4fa6aa6beb8a14742) Importer(815301076,1909f56bfc062723c751e8b465ee728b)  -> (artifact id: 'd4c8527851691c88668def8129ea31da') in 0.793639 seconds
Number of updated asset objects reloaded before import = 0
Number of asset objects unloaded after import = 4
========================================================================
Received Import Request.
  Time since last request: 135.972965 seconds.
  path: Assets/ALP_Assets/Realistic Terrain Textures FREE/Terrain Layers/Ground002.terrainlayer
  artifactKey: Guid(ce81e31c52cae4a489ca0d327996c0a9) Importer(815301076,1909f56bfc062723c751e8b465ee728b)
Start importing Assets/ALP_Assets/Realistic Terrain Textures FREE/Terrain Layers/Ground002.terrainlayer using Guid(ce81e31c52cae4a489ca0d327996c0a9) Importer(815301076,1909f56bfc062723c751e8b465ee728b)  -> (artifact id: '687afa15325f9f4dfd41752bf8260f2f') in 0.155295 seconds
Number of updated asset objects reloaded before import = 0
Number of asset objects unloaded after import = 5
========================================================================
Received Import Request.
  Time since last request: 0.000054 seconds.
  path: Assets/ALP_Assets/Realistic Terrain Textures FREE/Terrain Layers/Ground006.terrainlayer
  artifactKey: Guid(906ea75245880804aa869574650b5ab3) Importer(815301076,1909f56bfc062723c751e8b465ee728b)
Start importing Assets/ALP_Assets/Realistic Terrain Textures FREE/Terrain Layers/Ground006.terrainlayer using Guid(906ea75245880804aa869574650b5ab3) Importer(815301076,1909f56bfc062723c751e8b465ee728b)  -> (artifact id: '0d8e9407df7ea536c1ab8f62e0bb5e8f') in 0.034235 seconds
Number of updated asset objects reloaded before import = 0
Number of asset objects unloaded after import = 4
========================================================================
Received Import Request.
  Time since last request: 0.000037 seconds.
  path: Assets/ALP_Assets/Realistic Terrain Textures FREE/Terrain Layers/Ground004.terrainlayer
  artifactKey: Guid(a925211405319b344ba6ccae53c494ef) Importer(815301076,1909f56bfc062723c751e8b465ee728b)
Start importing Assets/ALP_Assets/Realistic Terrain Textures FREE/Terrain Layers/Ground004.terrainlayer using Guid(a925211405319b344ba6ccae53c494ef) Importer(815301076,1909f56bfc062723c751e8b465ee728b)  -> (artifact id: 'c9bbcf5d94457489aa169e5213bb176c') in 0.076355 seconds
Number of updated asset objects reloaded before import = 0
Number of asset objects unloaded after import = 5
========================================================================
Received Import Request.
  Time since last request: 0.000070 seconds.
  path: Assets/ALP_Assets/Realistic Terrain Textures FREE/Terrain Layers/Ground003.terrainlayer
  artifactKey: Guid(2f9ca0f2c54f77344b6df36b26de933f) Importer(815301076,1909f56bfc062723c751e8b465ee728b)
Start importing Assets/ALP_Assets/Realistic Terrain Textures FREE/Terrain Layers/Ground003.terrainlayer using Guid(2f9ca0f2c54f77344b6df36b26de933f) Importer(815301076,1909f56bfc062723c751e8b465ee728b)  -> (artifact id: '5c2d18a6c63068dbf63664b4d3d9fc86') in 0.080020 seconds
Number of updated asset objects reloaded before import = 0
Number of asset objects unloaded after import = 5
========================================================================
Received Import Request.
  Time since last request: 0.000060 seconds.
  path: Assets/ALP_Assets/Realistic Terrain Textures FREE/Terrain Layers/Ground005.terrainlayer
  artifactKey: Guid(672ce7548bc1dce4e90bb3082e201257) Importer(815301076,1909f56bfc062723c751e8b465ee728b)
Start importing Assets/ALP_Assets/Realistic Terrain Textures FREE/Terrain Layers/Ground005.terrainlayer using Guid(672ce7548bc1dce4e90bb3082e201257) Importer(815301076,1909f56bfc062723c751e8b465ee728b)  -> (artifact id: 'ae205bab0a9c91d27aeecfb2d920340a') in 0.033224 seconds
Number of updated asset objects reloaded before import = 0
Number of asset objects unloaded after import = 5
========================================================================
Received Import Request.
  Time since last request: 1.839627 seconds.
  path: Assets/ALP_Assets/Realistic Terrain Textures FREE/Textures/Ground005_N.png
  artifactKey: Guid(36ac33f397b4e96408b18b8b70518c46) Importer(815301076,1909f56bfc062723c751e8b465ee728b)
Start importing Assets/ALP_Assets/Realistic Terrain Textures FREE/Textures/Ground005_N.png using Guid(36ac33f397b4e96408b18b8b70518c46) Importer(815301076,1909f56bfc062723c751e8b465ee728b)  -> (artifact id: 'ac7e2f869e5e13e254cdf666de9f59b4') in 0.088084 seconds
Number of updated asset objects reloaded before import = 0
Number of asset objects unloaded after import = 2
========================================================================
Received Import Request.
  Time since last request: 1.745867 seconds.
  path: Assets/ALP_Assets/Realistic Terrain Textures FREE/Textures/GroundPatchCracked01_N.png
  artifactKey: Guid(830c224dd38c0684a9ceed239a35722a) Importer(815301076,1909f56bfc062723c751e8b465ee728b)
Start importing Assets/ALP_Assets/Realistic Terrain Textures FREE/Textures/GroundPatchCracked01_N.png using Guid(830c224dd38c0684a9ceed239a35722a) Importer(815301076,1909f56bfc062723c751e8b465ee728b)  -> (artifact id: '69d63c6f90ae8fe5d5369d4e0a132d4a') in 0.019190 seconds
Number of updated asset objects reloaded before import = 0
Number of asset objects unloaded after import = 2
========================================================================
Received Import Request.
  Time since last request: 0.000027 seconds.
  path: Assets/ALP_Assets/Realistic Terrain Textures FREE/Textures/GroundPatchCracked01_mask.png
  artifactKey: Guid(fbf85bd2f2886664d9a94047241c8b35) Importer(815301076,1909f56bfc062723c751e8b465ee728b)
Start importing Assets/ALP_Assets/Realistic Terrain Textures FREE/Textures/GroundPatchCracked01_mask.png using Guid(fbf85bd2f2886664d9a94047241c8b35) Importer(815301076,1909f56bfc062723c751e8b465ee728b)  -> (artifact id: 'b2334b91a182dce0c4abafc3d536f160') in 0.024116 seconds
Number of updated asset objects reloaded before import = 0
Number of asset objects unloaded after import = 2
========================================================================
Received Import Request.
  Time since last request: 0.458755 seconds.
  path: Assets/ALP_Assets/Realistic Terrain Textures FREE/Textures/Ground004_N.png
  artifactKey: Guid(21a04622a173d1f48b7d27f3fd0d7b1e) Importer(815301076,1909f56bfc062723c751e8b465ee728b)
Start importing Assets/ALP_Assets/Realistic Terrain Textures FREE/Textures/Ground004_N.png using Guid(21a04622a173d1f48b7d27f3fd0d7b1e) Importer(815301076,1909f56bfc062723c751e8b465ee728b)  -> (artifact id: '965346819807ee9e8e26f5f2008f03e1') in 0.047262 seconds
Number of updated asset objects reloaded before import = 0
Number of asset objects unloaded after import = 2
========================================================================
Received Import Request.
  Time since last request: 8.673788 seconds.
  path: Assets/ALP_Assets/Realistic Terrain Textures FREE/Textures/Ground001_AO.png
  artifactKey: Guid(f61afc3a09f13a14ea0aa943ae0e7393) Importer(815301076,1909f56bfc062723c751e8b465ee728b)
Start importing Assets/ALP_Assets/Realistic Terrain Textures FREE/Textures/Ground001_AO.png using Guid(f61afc3a09f13a14ea0aa943ae0e7393) Importer(815301076,1909f56bfc062723c751e8b465ee728b)  -> (artifact id: 'ecede7101235077c8213b93157efebbb') in 0.020502 seconds
Number of updated asset objects reloaded before import = 0
Number of asset objects unloaded after import = 2
========================================================================
Received Import Request.
  Time since last request: 0.000029 seconds.
  path: Assets/ALP_Assets/Realistic Terrain Textures FREE/Textures/Ground004_AO.png
  artifactKey: Guid(f3253862b69441a41b7b7f0f3071d44b) Importer(815301076,1909f56bfc062723c751e8b465ee728b)
Start importing Assets/ALP_Assets/Realistic Terrain Textures FREE/Textures/Ground004_AO.png using Guid(f3253862b69441a41b7b7f0f3071d44b) Importer(815301076,1909f56bfc062723c751e8b465ee728b)  -> (artifact id: 'a145e8ccc90aec3974a456bdeeea8456') in 0.025162 seconds
Number of updated asset objects reloaded before import = 0
Number of asset objects unloaded after import = 2
========================================================================
Received Import Request.
  Time since last request: 0.000037 seconds.
  path: Assets/ALP_Assets/Realistic Terrain Textures FREE/Textures/Ground003_N.png
  artifactKey: Guid(76c6e2a0a04c76c4fb2ba05a8deb993f) Importer(815301076,1909f56bfc062723c751e8b465ee728b)
Start importing Assets/ALP_Assets/Realistic Terrain Textures FREE/Textures/Ground003_N.png using Guid(76c6e2a0a04c76c4fb2ba05a8deb993f) Importer(815301076,1909f56bfc062723c751e8b465ee728b)  -> (artifact id: '7adf41d2bae9f43dc944cf1d151ce8e2') in 0.046154 seconds
Number of updated asset objects reloaded before import = 0
Number of asset objects unloaded after import = 2
========================================================================
Received Import Request.
  Time since last request: 0.000042 seconds.
  path: Assets/ALP_Assets/Realistic Terrain Textures FREE/Textures/Ground004_H.png
  artifactKey: Guid(25c2764addc457a45954434b619c3ab7) Importer(815301076,1909f56bfc062723c751e8b465ee728b)
Start importing Assets/ALP_Assets/Realistic Terrain Textures FREE/Textures/Ground004_H.png using Guid(25c2764addc457a45954434b619c3ab7) Importer(815301076,1909f56bfc062723c751e8b465ee728b)  -> (artifact id: '1e9d0f6b9c0a27f2bd019a1f96a00cae') in 0.035212 seconds
Number of updated asset objects reloaded before import = 0
Number of asset objects unloaded after import = 2
========================================================================
Received Import Request.
  Time since last request: 0.000034 seconds.
  path: Assets/ALP_Assets/Realistic Terrain Textures FREE/Textures/Ground004_S.png
  artifactKey: Guid(63ae929dc991af94c92819e8be25579a) Importer(815301076,1909f56bfc062723c751e8b465ee728b)
Start importing Assets/ALP_Assets/Realistic Terrain Textures FREE/Textures/Ground004_S.png using Guid(63ae929dc991af94c92819e8be25579a) Importer(815301076,1909f56bfc062723c751e8b465ee728b)  -> (artifact id: '8e6c4b8dbf89758c3026d8a57bbd5108') in 0.024187 seconds
Number of updated asset objects reloaded before import = 0
Number of asset objects unloaded after import = 2
========================================================================
Received Import Request.
  Time since last request: 0.000060 seconds.
  path: Assets/ALP_Assets/Realistic Terrain Textures FREE/Textures/GroundPatchCracked01_AO.png
  artifactKey: Guid(e0d58a0f56824c148a55934b4c573bb7) Importer(815301076,1909f56bfc062723c751e8b465ee728b)
Start importing Assets/ALP_Assets/Realistic Terrain Textures FREE/Textures/GroundPatchCracked01_AO.png using Guid(e0d58a0f56824c148a55934b4c573bb7) Importer(815301076,1909f56bfc062723c751e8b465ee728b)  -> (artifact id: '2ddf60b5f924ba3a3a961988a9ae3975') in 0.031808 seconds
Number of updated asset objects reloaded before import = 0
Number of asset objects unloaded after import = 2
========================================================================
Received Import Request.
  Time since last request: 0.000030 seconds.
  path: Assets/ALP_Assets/Realistic Terrain Textures FREE/Textures/Ground002_mask.png
  artifactKey: Guid(20112a95424a36e43a2e9bcb213e87af) Importer(815301076,1909f56bfc062723c751e8b465ee728b)
Start importing Assets/ALP_Assets/Realistic Terrain Textures FREE/Textures/Ground002_mask.png using Guid(20112a95424a36e43a2e9bcb213e87af) Importer(815301076,1909f56bfc062723c751e8b465ee728b)  -> (artifact id: '698b412138c1da76e84518df0649688d') in 0.023885 seconds
Number of updated asset objects reloaded before import = 0
Number of asset objects unloaded after import = 2
========================================================================
Received Import Request.
  Time since last request: 0.000026 seconds.
  path: Assets/ALP_Assets/Realistic Terrain Textures FREE/Textures/GroundPatchCracked01_H.png
  artifactKey: Guid(79f811bcd4e8fc1449b1081cd75227b6) Importer(815301076,1909f56bfc062723c751e8b465ee728b)
Start importing Assets/ALP_Assets/Realistic Terrain Textures FREE/Textures/GroundPatchCracked01_H.png using Guid(79f811bcd4e8fc1449b1081cd75227b6) Importer(815301076,1909f56bfc062723c751e8b465ee728b)  -> (artifact id: 'ef55e22b0bd7f25c4c7c6c23dc8d1cb1') in 0.024222 seconds
Number of updated asset objects reloaded before import = 0
Number of asset objects unloaded after import = 2
========================================================================
Received Import Request.
  Time since last request: 0.000029 seconds.
  path: Assets/ALP_Assets/Realistic Terrain Textures FREE/Textures/Ground003.tif
  artifactKey: Guid(dd4cb1153d607834482aa2cff04fcf07) Importer(815301076,1909f56bfc062723c751e8b465ee728b)
Start importing Assets/ALP_Assets/Realistic Terrain Textures FREE/Textures/Ground003.tif using Guid(dd4cb1153d607834482aa2cff04fcf07) Importer(815301076,1909f56bfc062723c751e8b465ee728b)  -> (artifact id: 'a6b0f7dcf4ac208efe5c444f0eab34e0') in 0.054501 seconds
Number of updated asset objects reloaded before import = 0
Number of asset objects unloaded after import = 2
========================================================================
Received Import Request.
  Time since last request: 0.000036 seconds.
  path: Assets/ALP_Assets/Realistic Terrain Textures FREE/Textures/Ground002_N.png
  artifactKey: Guid(bb41c34895382a84285b3e34ac692c76) Importer(815301076,1909f56bfc062723c751e8b465ee728b)
Start importing Assets/ALP_Assets/Realistic Terrain Textures FREE/Textures/Ground002_N.png using Guid(bb41c34895382a84285b3e34ac692c76) Importer(815301076,1909f56bfc062723c751e8b465ee728b)  -> (artifact id: '0a05483ff8fdb2ff419ca8790a167464') in 0.047965 seconds
Number of updated asset objects reloaded before import = 0
Number of asset objects unloaded after import = 2
========================================================================
Received Import Request.
  Time since last request: 0.000039 seconds.
  path: Assets/ALP_Assets/Realistic Terrain Textures FREE/Textures/Ground005_AO.png
  artifactKey: Guid(bdfaf451a9c3b444fb0e351b1c2fba30) Importer(815301076,1909f56bfc062723c751e8b465ee728b)
Start importing Assets/ALP_Assets/Realistic Terrain Textures FREE/Textures/Ground005_AO.png using Guid(bdfaf451a9c3b444fb0e351b1c2fba30) Importer(815301076,1909f56bfc062723c751e8b465ee728b)  -> (artifact id: '8d422a071ce5f835c5c71d94e88783bf') in 0.024794 seconds
Number of updated asset objects reloaded before import = 0
Number of asset objects unloaded after import = 2
========================================================================
Received Import Request.
  Time since last request: 0.000067 seconds.
  path: Assets/ALP_Assets/Realistic Terrain Textures FREE/Textures/Ground003_AO.png
  artifactKey: Guid(7bf3eef436fcfc741bdc244d9bcc8385) Importer(815301076,1909f56bfc062723c751e8b465ee728b)
Start importing Assets/ALP_Assets/Realistic Terrain Textures FREE/Textures/Ground003_AO.png using Guid(7bf3eef436fcfc741bdc244d9bcc8385) Importer(815301076,1909f56bfc062723c751e8b465ee728b)  -> (artifact id: '55b6aec52ad9637d0b2dd2db3bde6d8d') in 0.026196 seconds
Number of updated asset objects reloaded before import = 0
Number of asset objects unloaded after import = 2
Editor requested this worker to shutdown with reason: Scaling down because of idle timeout
TcpMessagingSession - receive error: operation aborted. errorcode: 995, details: Bir iþ parçacýðý çýkýþý veya bir uygulama isteði nedeniyle G/Ç iþlemi iptal edildi.
AssetImportWorker is now disconnected from the server
Process exiting
Exiting without the bug reporter. Application will terminate with return code 0